[0.159s] Invoking command in '/home/himaj/ros2_ws/build/my_robot_bringup': CMAKE_PREFIX_PATH=/home/himaj/ros2_ws/install/my_robot_description:/home/himaj/ros2_ws/install/my_robot_bringup:/opt/ros/humble /usr/bin/cmake --build /home/himaj/ros2_ws/build/my_robot_bringup -- -j12 -l12
[0.259s] Invoked command in '/home/himaj/ros2_ws/build/my_robot_bringup' returned '0': CMAKE_PREFIX_PATH=/home/himaj/ros2_ws/install/my_robot_description:/home/himaj/ros2_ws/install/my_robot_bringup:/opt/ros/humble /usr/bin/cmake --build /home/himaj/ros2_ws/build/my_robot_bringup -- -j12 -l12
[0.322s] Invoking command in '/home/himaj/ros2_ws/build/my_robot_bringup': CMAKE_PREFIX_PATH=/home/himaj/ros2_ws/install/my_robot_description:/home/himaj/ros2_ws/install/my_robot_bringup:/opt/ros/humble /usr/bin/cmake --install /home/himaj/ros2_ws/build/my_robot_bringup
[0.342s] -- Install configuration: ""
[0.343s] -- Execute custom install script
[0.344s] -- Up-to-date symlink: /home/himaj/ros2_ws/install/my_robot_bringup/share/my_robot_bringup//launch/my_robot_gazebo.launch.xml
[0.344s] -- Up-to-date symlink: /home/himaj/ros2_ws/install/my_robot_bringup/share/my_robot_bringup//rviz/urdf_config.rviz
[0.345s] -- Up-to-date symlink: /home/himaj/ros2_ws/install/my_robot_bringup/share/ament_index/resource_index/package_run_dependencies/my_robot_bringup
[0.345s] -- Up-to-date symlink: /home/himaj/ros2_ws/install/my_robot_bringup/share/ament_index/resource_index/parent_prefix_path/my_robot_bringup
[0.345s] -- Up-to-date symlink: /home/himaj/ros2_ws/install/my_robot_bringup/share/my_robot_bringup/environment/ament_prefix_path.sh
[0.346s] -- Up-to-date symlink: /home/himaj/ros2_ws/install/my_robot_bringup/share/my_robot_bringup/environment/ament_prefix_path.dsv
[0.346s] -- Up-to-date symlink: /home/himaj/ros2_ws/install/my_robot_bringup/share/my_robot_bringup/environment/path.sh
[0.347s] -- Up-to-date symlink: /home/himaj/ros2_ws/install/my_robot_bringup/share/my_robot_bringup/environment/path.dsv
[0.347s] -- Up-to-date symlink: /home/himaj/ros2_ws/install/my_robot_bringup/share/my_robot_bringup/local_setup.bash
[0.347s] -- Up-to-date symlink: /home/himaj/ros2_ws/install/my_robot_bringup/share/my_robot_bringup/local_setup.sh
[0.347s] -- Up-to-date symlink: /home/himaj/ros2_ws/install/my_robot_bringup/share/my_robot_bringup/local_setup.zsh
[0.348s] -- Up-to-date symlink: /home/himaj/ros2_ws/install/my_robot_bringup/share/my_robot_bringup/local_setup.dsv
[0.348s] -- Symlinking: /home/himaj/ros2_ws/install/my_robot_bringup/share/my_robot_bringup/package.dsv
[0.373s] -- Up-to-date symlink: /home/himaj/ros2_ws/install/my_robot_bringup/share/ament_index/resource_index/packages/my_robot_bringup
[0.373s] -- Up-to-date symlink: /home/himaj/ros2_ws/install/my_robot_bringup/share/my_robot_bringup/cmake/my_robot_bringupConfig.cmake
[0.373s] -- Up-to-date symlink: /home/himaj/ros2_ws/install/my_robot_bringup/share/my_robot_bringup/cmake/my_robot_bringupConfig-version.cmake
[0.374s] -- Up-to-date symlink: /home/himaj/ros2_ws/install/my_robot_bringup/share/my_robot_bringup/package.xml
[0.378s] Invoked command in '/home/himaj/ros2_ws/build/my_robot_bringup' returned '0': CMAKE_PREFIX_PATH=/home/himaj/ros2_ws/install/my_robot_description:/home/himaj/ros2_ws/install/my_robot_bringup:/opt/ros/humble /usr/bin/cmake --install /home/himaj/ros2_ws/build/my_robot_bringup
