[0.191s] Invoking command in '/home/himaj/ros2_ws/build/my_robot_description': CMAKE_PREFIX_PATH=${CMAKE_PREFIX_PATH}:/home/himaj/ros2_ws/install/my_py_pkg:/opt/ros/humble /usr/bin/cmake --build /home/himaj/ros2_ws/build/my_robot_description -- -j12 -l12
[0.224s] -- Found ament_cmake: 1.3.7 (/opt/ros/humble/share/ament_cmake/cmake)
[0.386s] -- Override CMake install command with custom implementation using symlinks instead of copying resources
[0.409s] -- Configuring incomplete, errors occurred!
[0.409s] See also "/home/himaj/ros2_ws/build/my_robot_description/CMakeFiles/CMakeOutput.log".
[0.410s] [31mCMake Error at CMakeLists.txt:10 (find_package):
[0.410s]   By not providing "Findmy_py_pkg.cmake" in CMAKE_MODULE_PATH this project
[0.410s]   has asked CMake to find a package configuration file provided by
[0.410s]   "my_py_pkg", but CMake did not find one.
[0.410s] 
[0.410s]   Could not find a package configuration file provided by "my_py_pkg" with
[0.410s]   any of the following names:
[0.410s] 
[0.410s]     my_py_pkgConfig.cmake
[0.410s]     my_py_pkg-config.cmake
[0.410s] 
[0.411s]   Add the installation prefix of "my_py_pkg" to CMAKE_PREFIX_PATH or set
[0.411s]   "my_py_pkg_DIR" to a directory containing one of the above files.  If
[0.411s]   "my_py_pkg" provides a separate development package or SDK, be sure it has
[0.411s]   been installed.
[0.411s] 
[0.411s] [0m
[0.412s] gmake: *** [Makefile:226: cmake_check_build_system] Error 1
[0.569s] Invoked command in '/home/himaj/ros2_ws/build/my_robot_description' returned '2': CMAKE_PREFIX_PATH=${CMAKE_PREFIX_PATH}:/home/himaj/ros2_ws/install/my_py_pkg:/opt/ros/humble /usr/bin/cmake --build /home/himaj/ros2_ws/build/my_robot_description -- -j12 -l12
