[0.165s] Invoking command in '/home/himaj/ros2_ws/build/my_robot_description': CMAKE_PREFIX_PATH=${CMAKE_PREFIX_PATH}:/opt/ros/humble /usr/bin/cmake --build /home/himaj/ros2_ws/build/my_robot_description -- -j12 -l12
[0.263s] Invoked command in '/home/himaj/ros2_ws/build/my_robot_description' returned '0': CMAKE_PREFIX_PATH=${CMAKE_PREFIX_PATH}:/opt/ros/humble /usr/bin/cmake --build /home/himaj/ros2_ws/build/my_robot_description -- -j12 -l12
[0.349s] Invoking command in '/home/himaj/ros2_ws/build/my_robot_description': CMAKE_PREFIX_PATH=${CMAKE_PREFIX_PATH}:/opt/ros/humble /usr/bin/cmake --install /home/himaj/ros2_ws/build/my_robot_description
[0.370s] -- Install configuration: ""
[0.371s] -- Execute custom install script
[0.372s] -- Up-to-date symlink: /home/himaj/ros2_ws/install/my_robot_description/share/my_robot_description//urdf/bot_base.xacro
[0.372s] -- Up-to-date symlink: /home/himaj/ros2_ws/install/my_robot_description/share/my_robot_description//urdf/bot_base_gazebo.xacro
[0.373s] -- Up-to-date symlink: /home/himaj/ros2_ws/install/my_robot_description/share/my_robot_description//urdf/common_properties.xacro
[0.373s] -- Up-to-date symlink: /home/himaj/ros2_ws/install/my_robot_description/share/my_robot_description//urdf/my_robot.urdf.xacro
[0.374s] -- Up-to-date symlink: /home/himaj/ros2_ws/install/my_robot_description/share/my_robot_description//launch/display.launch.py
[0.375s] -- Up-to-date symlink: /home/himaj/ros2_ws/install/my_robot_description/share/my_robot_description//launch/display.launch.xml
[0.375s] -- Up-to-date symlink: /home/himaj/ros2_ws/install/my_robot_description/share/my_robot_description//rviz/urdf_config.rviz
[0.376s] -- Up-to-date symlink: /home/himaj/ros2_ws/install/my_robot_description/share/ament_index/resource_index/package_run_dependencies/my_robot_description
[0.377s] -- Up-to-date symlink: /home/himaj/ros2_ws/install/my_robot_description/share/ament_index/resource_index/parent_prefix_path/my_robot_description
[0.377s] -- Up-to-date symlink: /home/himaj/ros2_ws/install/my_robot_description/share/my_robot_description/environment/ament_prefix_path.sh
[0.378s] -- Up-to-date symlink: /home/himaj/ros2_ws/install/my_robot_description/share/my_robot_description/environment/ament_prefix_path.dsv
[0.378s] -- Up-to-date symlink: /home/himaj/ros2_ws/install/my_robot_description/share/my_robot_description/environment/path.sh
[0.379s] -- Up-to-date symlink: /home/himaj/ros2_ws/install/my_robot_description/share/my_robot_description/environment/path.dsv
[0.380s] -- Up-to-date symlink: /home/himaj/ros2_ws/install/my_robot_description/share/my_robot_description/local_setup.bash
[0.380s] -- Up-to-date symlink: /home/himaj/ros2_ws/install/my_robot_description/share/my_robot_description/local_setup.sh
[0.380s] -- Up-to-date symlink: /home/himaj/ros2_ws/install/my_robot_description/share/my_robot_description/local_setup.zsh
[0.381s] -- Up-to-date symlink: /home/himaj/ros2_ws/install/my_robot_description/share/my_robot_description/local_setup.dsv
[0.381s] -- Symlinking: /home/himaj/ros2_ws/install/my_robot_description/share/my_robot_description/package.dsv
[0.405s] -- Up-to-date symlink: /home/himaj/ros2_ws/install/my_robot_description/share/ament_index/resource_index/packages/my_robot_description
[0.406s] -- Up-to-date symlink: /home/himaj/ros2_ws/install/my_robot_description/share/my_robot_description/cmake/my_robot_descriptionConfig.cmake
[0.406s] -- Up-to-date symlink: /home/himaj/ros2_ws/install/my_robot_description/share/my_robot_description/cmake/my_robot_descriptionConfig-version.cmake
[0.406s] -- Up-to-date symlink: /home/himaj/ros2_ws/install/my_robot_description/share/my_robot_description/package.xml
[0.411s] Invoked command in '/home/himaj/ros2_ws/build/my_robot_description' returned '0': CMAKE_PREFIX_PATH=${CMAKE_PREFIX_PATH}:/opt/ros/humble /usr/bin/cmake --install /home/himaj/ros2_ws/build/my_robot_description
