[0.082s] Invoking command in '/home/himaj/ros2_ws/build/my_robot_description': CMAKE_PREFIX_PATH=${CMAKE_PREFIX_PATH}:/opt/ros/humble /usr/bin/cmake --build /home/himaj/ros2_ws/build/my_robot_description -- -j12 -l12
[0.171s] Invoked command in '/home/himaj/ros2_ws/build/my_robot_description' returned '0': CMAKE_PREFIX_PATH=${CMAKE_PREFIX_PATH}:/opt/ros/humble /usr/bin/cmake --build /home/himaj/ros2_ws/build/my_robot_description -- -j12 -l12
[0.217s] Invoking command in '/home/himaj/ros2_ws/build/my_robot_description': CMAKE_PREFIX_PATH=${CMAKE_PREFIX_PATH}:/opt/ros/humble /usr/bin/cmake --install /home/himaj/ros2_ws/build/my_robot_description
[0.226s] -- Install configuration: ""
[0.226s] -- Up-to-date: /home/himaj/ros2_ws/install/my_robot_description/share/my_robot_description//urdf
[0.226s] -- Up-to-date: /home/himaj/ros2_ws/install/my_robot_description/share/my_robot_description//urdf/my_robot.urdf
[0.226s] -- Up-to-date: /home/himaj/ros2_ws/install/my_robot_description/share/my_robot_description//launch
[0.227s] -- Installing: /home/himaj/ros2_ws/install/my_robot_description/share/my_robot_description//launch/display.launch.xml
[0.227s] -- Installing: /home/himaj/ros2_ws/install/my_robot_description/share/my_robot_description//launch/display.launch.py
[0.227s] -- Up-to-date: /home/himaj/ros2_ws/install/my_robot_description/share/ament_index/resource_index/package_run_dependencies/my_robot_description
[0.227s] -- Up-to-date: /home/himaj/ros2_ws/install/my_robot_description/share/ament_index/resource_index/parent_prefix_path/my_robot_description
[0.227s] -- Up-to-date: /home/himaj/ros2_ws/install/my_robot_description/share/my_robot_description/environment/ament_prefix_path.sh
[0.227s] -- Up-to-date: /home/himaj/ros2_ws/install/my_robot_description/share/my_robot_description/environment/ament_prefix_path.dsv
[0.227s] -- Up-to-date: /home/himaj/ros2_ws/install/my_robot_description/share/my_robot_description/environment/path.sh
[0.228s] -- Up-to-date: /home/himaj/ros2_ws/install/my_robot_description/share/my_robot_description/environment/path.dsv
[0.228s] -- Up-to-date: /home/himaj/ros2_ws/install/my_robot_description/share/my_robot_description/local_setup.bash
[0.228s] -- Up-to-date: /home/himaj/ros2_ws/install/my_robot_description/share/my_robot_description/local_setup.sh
[0.228s] -- Up-to-date: /home/himaj/ros2_ws/install/my_robot_description/share/my_robot_description/local_setup.zsh
[0.228s] -- Up-to-date: /home/himaj/ros2_ws/install/my_robot_description/share/my_robot_description/local_setup.dsv
[0.228s] -- Installing: /home/himaj/ros2_ws/install/my_robot_description/share/my_robot_description/package.dsv
[0.228s] -- Up-to-date: /home/himaj/ros2_ws/install/my_robot_description/share/ament_index/resource_index/packages/my_robot_description
[0.228s] -- Up-to-date: /home/himaj/ros2_ws/install/my_robot_description/share/my_robot_description/cmake/my_robot_descriptionConfig.cmake
[0.228s] -- Up-to-date: /home/himaj/ros2_ws/install/my_robot_description/share/my_robot_description/cmake/my_robot_descriptionConfig-version.cmake
[0.228s] -- Up-to-date: /home/himaj/ros2_ws/install/my_robot_description/share/my_robot_description/package.xml
[0.231s] Invoked command in '/home/himaj/ros2_ws/build/my_robot_description' returned '0': CMAKE_PREFIX_PATH=${CMAKE_PREFIX_PATH}:/opt/ros/humble /usr/bin/cmake --install /home/himaj/ros2_ws/build/my_robot_description
