[0.052s] Invoking command in '/home/himaj/ros2_ws/build/my_robot_description': CMAKE_PREFIX_PATH=${CMAKE_PREFIX_PATH}:/opt/ros/humble /usr/bin/cmake --build /home/himaj/ros2_ws/build/my_robot_description -- -j12 -l12
[0.091s] -- Found ament_cmake: 1.3.7 (/opt/ros/humble/share/ament_cmake/cmake)
[0.200s] -- Override CMake install command with custom implementation using symlinks instead of copying resources
[0.257s] -- Configuring done
[0.261s] -- Generating done
[0.261s] -- Build files have been written to: /home/himaj/ros2_ws/build/my_robot_description
[0.280s] Invoked command in '/home/himaj/ros2_ws/build/my_robot_description' returned '0': CMAKE_PREFIX_PATH=${CMAKE_PREFIX_PATH}:/opt/ros/humble /usr/bin/cmake --build /home/himaj/ros2_ws/build/my_robot_description -- -j12 -l12
[0.308s] Invoking command in '/home/himaj/ros2_ws/build/my_robot_description': CMAKE_PREFIX_PATH=${CMAKE_PREFIX_PATH}:/opt/ros/humble /usr/bin/cmake --install /home/himaj/ros2_ws/build/my_robot_description
[0.314s] -- Install configuration: ""
[0.314s] -- Execute custom install script
[0.314s] -- Symlinking: /home/himaj/ros2_ws/install/my_robot_description/share/my_robot_description//urdf/bot_base.xacro
[0.321s] -- Symlinking: /home/himaj/ros2_ws/install/my_robot_description/share/my_robot_description//urdf/bot_base_gazebo.xacro
[0.329s] -- Symlinking: /home/himaj/ros2_ws/install/my_robot_description/share/my_robot_description//urdf/common_properties.xacro
[0.336s] -- Symlinking: /home/himaj/ros2_ws/install/my_robot_description/share/my_robot_description//urdf/my_robot.urdf.xacro
[0.344s] -- Symlinking: /home/himaj/ros2_ws/install/my_robot_description/share/my_robot_description//launch/display.launch.py
[0.351s] -- Symlinking: /home/himaj/ros2_ws/install/my_robot_description/share/my_robot_description//launch/display.launch.xml
[0.359s] -- Symlinking: /home/himaj/ros2_ws/install/my_robot_description/share/my_robot_description//rviz/urdf_config.rviz
[0.366s] -- Symlinking: /home/himaj/ros2_ws/install/my_robot_description/share/ament_index/resource_index/package_run_dependencies/my_robot_description
[0.373s] -- Symlinking: /home/himaj/ros2_ws/install/my_robot_description/share/ament_index/resource_index/parent_prefix_path/my_robot_description
[0.381s] -- Symlinking: /home/himaj/ros2_ws/install/my_robot_description/share/my_robot_description/environment/ament_prefix_path.sh
[0.388s] -- Symlinking: /home/himaj/ros2_ws/install/my_robot_description/share/my_robot_description/environment/ament_prefix_path.dsv
[0.395s] -- Symlinking: /home/himaj/ros2_ws/install/my_robot_description/share/my_robot_description/environment/path.sh
[0.403s] -- Symlinking: /home/himaj/ros2_ws/install/my_robot_description/share/my_robot_description/environment/path.dsv
[0.410s] -- Symlinking: /home/himaj/ros2_ws/install/my_robot_description/share/my_robot_description/local_setup.bash
[0.417s] -- Symlinking: /home/himaj/ros2_ws/install/my_robot_description/share/my_robot_description/local_setup.sh
[0.424s] -- Symlinking: /home/himaj/ros2_ws/install/my_robot_description/share/my_robot_description/local_setup.zsh
[0.432s] -- Symlinking: /home/himaj/ros2_ws/install/my_robot_description/share/my_robot_description/local_setup.dsv
[0.440s] -- Symlinking: /home/himaj/ros2_ws/install/my_robot_description/share/my_robot_description/package.dsv
[0.447s] -- Symlinking: /home/himaj/ros2_ws/install/my_robot_description/share/ament_index/resource_index/packages/my_robot_description
[0.454s] -- Symlinking: /home/himaj/ros2_ws/install/my_robot_description/share/my_robot_description/cmake/my_robot_descriptionConfig.cmake
[0.461s] -- Symlinking: /home/himaj/ros2_ws/install/my_robot_description/share/my_robot_description/cmake/my_robot_descriptionConfig-version.cmake
[0.469s] -- Symlinking: /home/himaj/ros2_ws/install/my_robot_description/share/my_robot_description/package.xml
[0.478s] Invoked command in '/home/himaj/ros2_ws/build/my_robot_description' returned '0': CMAKE_PREFIX_PATH=${CMAKE_PREFIX_PATH}:/opt/ros/humble /usr/bin/cmake --install /home/himaj/ros2_ws/build/my_robot_description
