[0.052s] Invoking command in '/home/himaj/ros2_ws/build/my_robot_description': AMENT_PREFIX_PATH=/home/himaj/ros2_ws/install/my_py_pkg:/home/himaj/ros2_ws/install/my_robot_bringup:/home/himaj/ros2_ws/install/my_robot_description:/opt/ros/humble CMAKE_PREFIX_PATH=${CMAKE_PREFIX_PATH}:/home/himaj/ros2_ws/install/my_py_pkg:/opt/ros/humble PYTHONPATH=/home/himaj/ros2_ws/install/my_py_pkg/lib/python3.10/site-packages:/home/himaj/ros2_ws/build/my_py_pkg:/opt/ros/humble/lib/python3.10/site-packages:/opt/ros/humble/local/lib/python3.10/dist-packages /usr/bin/cmake /home/himaj/ros2_ws/src/my_robot_description -DCMAKE_INSTALL_PREFIX=/home/himaj/ros2_ws/install/my_robot_description
[0.068s] -- Found ament_cmake: 1.3.7 (/opt/ros/humble/share/ament_cmake/cmake)
[0.185s] -- Override CMake install command with custom implementation using symlinks instead of copying resources
[0.249s] -- Configuring done
[0.254s] -- Generating done
[0.254s] -- Build files have been written to: /home/himaj/ros2_ws/build/my_robot_description
[0.257s] Invoked command in '/home/himaj/ros2_ws/build/my_robot_description' returned '0': AMENT_PREFIX_PATH=/home/himaj/ros2_ws/install/my_py_pkg:/home/himaj/ros2_ws/install/my_robot_bringup:/home/himaj/ros2_ws/install/my_robot_description:/opt/ros/humble CMAKE_PREFIX_PATH=${CMAKE_PREFIX_PATH}:/home/himaj/ros2_ws/install/my_py_pkg:/opt/ros/humble PYTHONPATH=/home/himaj/ros2_ws/install/my_py_pkg/lib/python3.10/site-packages:/home/himaj/ros2_ws/build/my_py_pkg:/opt/ros/humble/lib/python3.10/site-packages:/opt/ros/humble/local/lib/python3.10/dist-packages /usr/bin/cmake /home/himaj/ros2_ws/src/my_robot_description -DCMAKE_INSTALL_PREFIX=/home/himaj/ros2_ws/install/my_robot_description
[0.259s] Invoking command in '/home/himaj/ros2_ws/build/my_robot_description': AMENT_PREFIX_PATH=/home/himaj/ros2_ws/install/my_py_pkg:/home/himaj/ros2_ws/install/my_robot_bringup:/home/himaj/ros2_ws/install/my_robot_description:/opt/ros/humble CMAKE_PREFIX_PATH=${CMAKE_PREFIX_PATH}:/home/himaj/ros2_ws/install/my_py_pkg:/opt/ros/humble PYTHONPATH=/home/himaj/ros2_ws/install/my_py_pkg/lib/python3.10/site-packages:/home/himaj/ros2_ws/build/my_py_pkg:/opt/ros/humble/lib/python3.10/site-packages:/opt/ros/humble/local/lib/python3.10/dist-packages /usr/bin/cmake --build /home/himaj/ros2_ws/build/my_robot_description -- -j12 -l12
[0.295s] Invoked command in '/home/himaj/ros2_ws/build/my_robot_description' returned '0': AMENT_PREFIX_PATH=/home/himaj/ros2_ws/install/my_py_pkg:/home/himaj/ros2_ws/install/my_robot_bringup:/home/himaj/ros2_ws/install/my_robot_description:/opt/ros/humble CMAKE_PREFIX_PATH=${CMAKE_PREFIX_PATH}:/home/himaj/ros2_ws/install/my_py_pkg:/opt/ros/humble PYTHONPATH=/home/himaj/ros2_ws/install/my_py_pkg/lib/python3.10/site-packages:/home/himaj/ros2_ws/build/my_py_pkg:/opt/ros/humble/lib/python3.10/site-packages:/opt/ros/humble/local/lib/python3.10/dist-packages /usr/bin/cmake --build /home/himaj/ros2_ws/build/my_robot_description -- -j12 -l12
[0.330s] Invoking command in '/home/himaj/ros2_ws/build/my_robot_description': AMENT_PREFIX_PATH=/home/himaj/ros2_ws/install/my_py_pkg:/home/himaj/ros2_ws/install/my_robot_bringup:/home/himaj/ros2_ws/install/my_robot_description:/opt/ros/humble CMAKE_PREFIX_PATH=${CMAKE_PREFIX_PATH}:/home/himaj/ros2_ws/install/my_py_pkg:/opt/ros/humble PYTHONPATH=/home/himaj/ros2_ws/install/my_py_pkg/lib/python3.10/site-packages:/home/himaj/ros2_ws/build/my_py_pkg:/opt/ros/humble/lib/python3.10/site-packages:/opt/ros/humble/local/lib/python3.10/dist-packages /usr/bin/cmake --install /home/himaj/ros2_ws/build/my_robot_description
[0.337s] -- Install configuration: ""
[0.337s] -- Execute custom install script
[0.337s] -- Up-to-date symlink: /home/himaj/ros2_ws/install/my_robot_description/share/my_robot_description//urdf/bot_base.xacro
[0.337s] -- Up-to-date symlink: /home/himaj/ros2_ws/install/my_robot_description/share/my_robot_description//urdf/bot_base_gazebo.xacro
[0.338s] -- Up-to-date symlink: /home/himaj/ros2_ws/install/my_robot_description/share/my_robot_description//urdf/common_properties.xacro
[0.338s] -- Up-to-date symlink: /home/himaj/ros2_ws/install/my_robot_description/share/my_robot_description//urdf/my_robot.urdf.xacro
[0.338s] -- Up-to-date symlink: /home/himaj/ros2_ws/install/my_robot_description/share/my_robot_description//launch/display.launch.py
[0.338s] -- Up-to-date symlink: /home/himaj/ros2_ws/install/my_robot_description/share/my_robot_description//launch/display.launch.xml
[0.338s] -- Up-to-date symlink: /home/himaj/ros2_ws/install/my_robot_description/share/my_robot_description//rviz/urdf_config.rviz
[0.338s] -- Up-to-date symlink: /home/himaj/ros2_ws/install/my_robot_description/share/ament_index/resource_index/package_run_dependencies/my_robot_description
[0.338s] -- Up-to-date symlink: /home/himaj/ros2_ws/install/my_robot_description/share/ament_index/resource_index/parent_prefix_path/my_robot_description
[0.338s] -- Up-to-date symlink: /home/himaj/ros2_ws/install/my_robot_description/share/my_robot_description/environment/ament_prefix_path.sh
[0.339s] -- Up-to-date symlink: /home/himaj/ros2_ws/install/my_robot_description/share/my_robot_description/environment/ament_prefix_path.dsv
[0.339s] -- Up-to-date symlink: /home/himaj/ros2_ws/install/my_robot_description/share/my_robot_description/environment/path.sh
[0.339s] -- Up-to-date symlink: /home/himaj/ros2_ws/install/my_robot_description/share/my_robot_description/environment/path.dsv
[0.339s] -- Up-to-date symlink: /home/himaj/ros2_ws/install/my_robot_description/share/my_robot_description/local_setup.bash
[0.339s] -- Up-to-date symlink: /home/himaj/ros2_ws/install/my_robot_description/share/my_robot_description/local_setup.sh
[0.339s] -- Up-to-date symlink: /home/himaj/ros2_ws/install/my_robot_description/share/my_robot_description/local_setup.zsh
[0.339s] -- Up-to-date symlink: /home/himaj/ros2_ws/install/my_robot_description/share/my_robot_description/local_setup.dsv
[0.339s] -- Symlinking: /home/himaj/ros2_ws/install/my_robot_description/share/my_robot_description/package.dsv
[0.348s] -- Up-to-date symlink: /home/himaj/ros2_ws/install/my_robot_description/share/ament_index/resource_index/packages/my_robot_description
[0.348s] -- Up-to-date symlink: /home/himaj/ros2_ws/install/my_robot_description/share/my_robot_description/cmake/my_robot_descriptionConfig.cmake
[0.348s] -- Up-to-date symlink: /home/himaj/ros2_ws/install/my_robot_description/share/my_robot_description/cmake/my_robot_descriptionConfig-version.cmake
[0.348s] -- Up-to-date symlink: /home/himaj/ros2_ws/install/my_robot_description/share/my_robot_description/package.xml
[0.350s] Invoked command in '/home/himaj/ros2_ws/build/my_robot_description' returned '0': AMENT_PREFIX_PATH=/home/himaj/ros2_ws/install/my_py_pkg:/home/himaj/ros2_ws/install/my_robot_bringup:/home/himaj/ros2_ws/install/my_robot_description:/opt/ros/humble CMAKE_PREFIX_PATH=${CMAKE_PREFIX_PATH}:/home/himaj/ros2_ws/install/my_py_pkg:/opt/ros/humble PYTHONPATH=/home/himaj/ros2_ws/install/my_py_pkg/lib/python3.10/site-packages:/home/himaj/ros2_ws/build/my_py_pkg:/opt/ros/humble/lib/python3.10/site-packages:/opt/ros/humble/local/lib/python3.10/dist-packages /usr/bin/cmake --install /home/himaj/ros2_ws/build/my_robot_description
