[0.169s] Invoking command in '/home/himaj/ros2_ws/build/my_robot_description': CMAKE_PREFIX_PATH=${CMAKE_PREFIX_PATH}:/opt/ros/humble /usr/bin/cmake --build /home/himaj/ros2_ws/build/my_robot_description -- -j12 -l12
[0.202s] -- Found ament_cmake: 1.3.7 (/opt/ros/humble/share/ament_cmake/cmake)
[0.363s] -- Override CMake install command with custom implementation using symlinks instead of copying resources
[0.386s] -- Configuring incomplete, errors occurred!
[0.387s] See also "/home/himaj/ros2_ws/build/my_robot_description/CMakeFiles/CMakeOutput.log".
[0.387s] [31mCMake Error at CMakeLists.txt:10 (find_package):
[0.387s]   By not providing "Findmy_py_pkg_DIR.cmake" in CMAKE_MODULE_PATH this
[0.387s]   project has asked CMake to find a package configuration file provided by
[0.387s]   "my_py_pkg_DIR", but CMake did not find one.
[0.387s] 
[0.387s]   Could not find a package configuration file provided by "my_py_pkg_DIR"
[0.387s]   with any of the following names:
[0.387s] 
[0.387s]     my_py_pkg_DIRConfig.cmake
[0.387s]     my_py_pkg_dir-config.cmake
[0.388s] 
[0.388s]   Add the installation prefix of "my_py_pkg_DIR" to CMAKE_PREFIX_PATH or set
[0.388s]   "my_py_pkg_DIR_DIR" to a directory containing one of the above files.  If
[0.388s]   "my_py_pkg_DIR" provides a separate development package or SDK, be sure it
[0.388s]   has been installed.
[0.388s] 
[0.388s] [0m
[0.390s] gmake: *** [Makefile:226: cmake_check_build_system] Error 1
[0.563s] Invoked command in '/home/himaj/ros2_ws/build/my_robot_description' returned '2': CMAKE_PREFIX_PATH=${CMAKE_PREFIX_PATH}:/opt/ros/humble /usr/bin/cmake --build /home/himaj/ros2_ws/build/my_robot_description -- -j12 -l12
