[0.088s] Invoking command in '/home/himaj/ros2_ws/build/my_robot_description': CMAKE_PREFIX_PATH=/opt/ros/humble /usr/bin/cmake /home/himaj/ros2_ws/src/my_robot_description -DCMAKE_INSTALL_PREFIX=/home/himaj/ros2_ws/install/my_robot_description
[0.196s] -- The C compiler identification is GNU 11.4.0
[0.286s] -- The CXX compiler identification is GNU 11.4.0
[0.298s] -- Detecting C compiler ABI info
[0.393s] -- Detecting C compiler ABI info - done
[0.401s] -- Check for working C compiler: /usr/bin/cc - skipped
[0.402s] -- Detecting C compile features
[0.402s] -- Detecting C compile features - done
[0.406s] -- Detecting CXX compiler ABI info
[0.512s] -- Detecting CXX compiler ABI info - done
[0.520s] -- Check for working CXX compiler: /usr/bin/c++ - skipped
[0.520s] -- Detecting CXX compile features
[0.521s] -- Detecting CXX compile features - done
[0.525s] -- Found ament_cmake: 1.3.6 (/opt/ros/humble/share/ament_cmake/cmake)
[0.737s] -- Found Python3: /usr/bin/python3.10 (found version "3.10.12") found components: Interpreter 
[0.924s] -- Configuring done
[0.928s] -- Generating done
[0.929s] -- Build files have been written to: /home/himaj/ros2_ws/build/my_robot_description
[0.935s] Invoked command in '/home/himaj/ros2_ws/build/my_robot_description' returned '0': CMAKE_PREFIX_PATH=/opt/ros/humble /usr/bin/cmake /home/himaj/ros2_ws/src/my_robot_description -DCMAKE_INSTALL_PREFIX=/home/himaj/ros2_ws/install/my_robot_description
[0.937s] Invoking command in '/home/himaj/ros2_ws/build/my_robot_description': CMAKE_PREFIX_PATH=/opt/ros/humble /usr/bin/cmake --build /home/himaj/ros2_ws/build/my_robot_description -- -j12 -l12
[0.987s] Invoked command in '/home/himaj/ros2_ws/build/my_robot_description' returned '0': CMAKE_PREFIX_PATH=/opt/ros/humble /usr/bin/cmake --build /home/himaj/ros2_ws/build/my_robot_description -- -j12 -l12
[1.033s] Invoking command in '/home/himaj/ros2_ws/build/my_robot_description': CMAKE_PREFIX_PATH=/opt/ros/humble /usr/bin/cmake --install /home/himaj/ros2_ws/build/my_robot_description
[1.042s] -- Install configuration: ""
[1.042s] -- Installing: /home/himaj/ros2_ws/install/my_robot_description/share/my_robot_description//urdf
[1.043s] -- Installing: /home/himaj/ros2_ws/install/my_robot_description/share/my_robot_description//urdf/my_robot.urdf
[1.043s] -- Installing: /home/himaj/ros2_ws/install/my_robot_description/share/ament_index/resource_index/package_run_dependencies/my_robot_description
[1.043s] -- Installing: /home/himaj/ros2_ws/install/my_robot_description/share/ament_index/resource_index/parent_prefix_path/my_robot_description
[1.044s] -- Installing: /home/himaj/ros2_ws/install/my_robot_description/share/my_robot_description/environment/ament_prefix_path.sh
[1.044s] -- Installing: /home/himaj/ros2_ws/install/my_robot_description/share/my_robot_description/environment/ament_prefix_path.dsv
[1.044s] -- Installing: /home/himaj/ros2_ws/install/my_robot_description/share/my_robot_description/environment/path.sh
[1.044s] -- Installing: /home/himaj/ros2_ws/install/my_robot_description/share/my_robot_description/environment/path.dsv
[1.044s] -- Installing: /home/himaj/ros2_ws/install/my_robot_description/share/my_robot_description/local_setup.bash
[1.045s] -- Installing: /home/himaj/ros2_ws/install/my_robot_description/share/my_robot_description/local_setup.sh
[1.045s] -- Installing: /home/himaj/ros2_ws/install/my_robot_description/share/my_robot_description/local_setup.zsh
[1.045s] -- Installing: /home/himaj/ros2_ws/install/my_robot_description/share/my_robot_description/local_setup.dsv
[1.045s] -- Installing: /home/himaj/ros2_ws/install/my_robot_description/share/my_robot_description/package.dsv
[1.046s] -- Installing: /home/himaj/ros2_ws/install/my_robot_description/share/ament_index/resource_index/packages/my_robot_description
[1.046s] -- Installing: /home/himaj/ros2_ws/install/my_robot_description/share/my_robot_description/cmake/my_robot_descriptionConfig.cmake
[1.046s] -- Installing: /home/himaj/ros2_ws/install/my_robot_description/share/my_robot_description/cmake/my_robot_descriptionConfig-version.cmake
[1.046s] -- Installing: /home/himaj/ros2_ws/install/my_robot_description/share/my_robot_description/package.xml
[1.049s] Invoked command in '/home/himaj/ros2_ws/build/my_robot_description' returned '0': CMAKE_PREFIX_PATH=/opt/ros/humble /usr/bin/cmake --install /home/himaj/ros2_ws/build/my_robot_description
