running develop
Removing /home/himaj/ros2_ws/install/my_py_pkg/lib/python3.10/site-packages/my-py-pkg.egg-link (link to .)
running egg_info
writing ../../build/my_py_pkg/my_py_pkg.egg-info/PKG-INFO
writing dependency_links to ../../build/my_py_pkg/my_py_pkg.egg-info/dependency_links.txt
writing entry points to ../../build/my_py_pkg/my_py_pkg.egg-info/entry_points.txt
writing requirements to ../../build/my_py_pkg/my_py_pkg.egg-info/requires.txt
writing top-level names to ../../build/my_py_pkg/my_py_pkg.egg-info/top_level.txt
reading manifest file '../../build/my_py_pkg/my_py_pkg.egg-info/SOURCES.txt'
writing manifest file '../../build/my_py_pkg/my_py_pkg.egg-info/SOURCES.txt'
running build
running build_py
creating /home/himaj/ros2_ws/build/my_py_pkg/build
creating /home/himaj/ros2_ws/build/my_py_pkg/build/lib
creating /home/himaj/ros2_ws/build/my_py_pkg/build/lib/my_py_pkg
copying my_py_pkg/joint_state_pub.py -> /home/himaj/ros2_ws/build/my_py_pkg/build/lib/my_py_pkg
copying my_py_pkg/__init__.py -> /home/himaj/ros2_ws/build/my_py_pkg/build/lib/my_py_pkg
running install
running install_lib
creating /home/himaj/ros2_ws/install/my_py_pkg/lib/python3.10/site-packages/my_py_pkg
copying /home/himaj/ros2_ws/build/my_py_pkg/build/lib/my_py_pkg/joint_state_pub.py -> /home/himaj/ros2_ws/install/my_py_pkg/lib/python3.10/site-packages/my_py_pkg
copying /home/himaj/ros2_ws/build/my_py_pkg/build/lib/my_py_pkg/__init__.py -> /home/himaj/ros2_ws/install/my_py_pkg/lib/python3.10/site-packages/my_py_pkg
byte-compiling /home/himaj/ros2_ws/install/my_py_pkg/lib/python3.10/site-packages/my_py_pkg/joint_state_pub.py to joint_state_pub.cpython-310.pyc
byte-compiling /home/himaj/ros2_ws/install/my_py_pkg/lib/python3.10/site-packages/my_py_pkg/__init__.py to __init__.cpython-310.pyc
running install_data
running install_egg_info
Copying ../../build/my_py_pkg/my_py_pkg.egg-info to /home/himaj/ros2_ws/install/my_py_pkg/lib/python3.10/site-packages/my_py_pkg-0.0.0-py3.10.egg-info
running install_scripts
Installing joint_state_pub script to /home/himaj/ros2_ws/install/my_py_pkg/lib/my_py_pkg
writing list of installed files to '/home/himaj/ros2_ws/build/my_py_pkg/install.log'
