[0.596s] Invoking command in '/home/himaj/ros2_ws/build/my_py_pkg': PYTHONPATH=/home/himaj/ros2_ws/build/my_py_pkg/prefix_override:/home/himaj/ros2_ws/install/my_py_pkg/lib/python3.10/site-packages:${PYTHONPATH} /usr/bin/python3 setup.py develop --uninstall --editable --build-directory /home/himaj/ros2_ws/build/my_py_pkg/build
[0.798s] running develop
[0.925s] Removing /home/himaj/ros2_ws/install/my_py_pkg/lib/python3.10/site-packages/my-py-pkg.egg-link (link to .)
[0.950s] Invoked command in '/home/himaj/ros2_ws/build/my_py_pkg' returned '0': PYTHONPATH=/home/himaj/ros2_ws/build/my_py_pkg/prefix_override:/home/himaj/ros2_ws/install/my_py_pkg/lib/python3.10/site-packages:${PYTHONPATH} /usr/bin/python3 setup.py develop --uninstall --editable --build-directory /home/himaj/ros2_ws/build/my_py_pkg/build
[0.951s] Invoking command in '/home/himaj/ros2_ws/src/my_py_pkg': PYTHONPATH=/home/himaj/ros2_ws/build/my_py_pkg/prefix_override:/home/himaj/ros2_ws/install/my_py_pkg/lib/python3.10/site-packages:${PYTHONPATH} /usr/bin/python3 setup.py egg_info --egg-base ../../build/my_py_pkg build --build-base /home/himaj/ros2_ws/build/my_py_pkg/build install --record /home/himaj/ros2_ws/build/my_py_pkg/install.log --single-version-externally-managed
[1.144s] running egg_info
[1.144s] writing ../../build/my_py_pkg/my_py_pkg.egg-info/PKG-INFO
[1.145s] writing dependency_links to ../../build/my_py_pkg/my_py_pkg.egg-info/dependency_links.txt
[1.145s] writing entry points to ../../build/my_py_pkg/my_py_pkg.egg-info/entry_points.txt
[1.145s] writing requirements to ../../build/my_py_pkg/my_py_pkg.egg-info/requires.txt
[1.145s] writing top-level names to ../../build/my_py_pkg/my_py_pkg.egg-info/top_level.txt
[1.146s] reading manifest file '../../build/my_py_pkg/my_py_pkg.egg-info/SOURCES.txt'
[1.147s] writing manifest file '../../build/my_py_pkg/my_py_pkg.egg-info/SOURCES.txt'
[1.147s] running build
[1.147s] running build_py
[1.147s] creating /home/himaj/ros2_ws/build/my_py_pkg/build
[1.147s] creating /home/himaj/ros2_ws/build/my_py_pkg/build/lib
[1.147s] creating /home/himaj/ros2_ws/build/my_py_pkg/build/lib/my_py_pkg
[1.147s] copying my_py_pkg/joint_state_pub.py -> /home/himaj/ros2_ws/build/my_py_pkg/build/lib/my_py_pkg
[1.148s] copying my_py_pkg/__init__.py -> /home/himaj/ros2_ws/build/my_py_pkg/build/lib/my_py_pkg
[1.148s] running install
[1.148s] running install_lib
[1.148s] creating /home/himaj/ros2_ws/install/my_py_pkg/lib/python3.10/site-packages/my_py_pkg
[1.148s] copying /home/himaj/ros2_ws/build/my_py_pkg/build/lib/my_py_pkg/joint_state_pub.py -> /home/himaj/ros2_ws/install/my_py_pkg/lib/python3.10/site-packages/my_py_pkg
[1.149s] copying /home/himaj/ros2_ws/build/my_py_pkg/build/lib/my_py_pkg/__init__.py -> /home/himaj/ros2_ws/install/my_py_pkg/lib/python3.10/site-packages/my_py_pkg
[1.149s] byte-compiling /home/himaj/ros2_ws/install/my_py_pkg/lib/python3.10/site-packages/my_py_pkg/joint_state_pub.py to joint_state_pub.cpython-310.pyc
[1.150s] byte-compiling /home/himaj/ros2_ws/install/my_py_pkg/lib/python3.10/site-packages/my_py_pkg/__init__.py to __init__.cpython-310.pyc
[1.150s] running install_data
[1.150s] running install_egg_info
[1.152s] Copying ../../build/my_py_pkg/my_py_pkg.egg-info to /home/himaj/ros2_ws/install/my_py_pkg/lib/python3.10/site-packages/my_py_pkg-0.0.0-py3.10.egg-info
[1.153s] running install_scripts
[1.168s] Installing joint_state_pub script to /home/himaj/ros2_ws/install/my_py_pkg/lib/my_py_pkg
[1.168s] writing list of installed files to '/home/himaj/ros2_ws/build/my_py_pkg/install.log'
[1.185s] Invoked command in '/home/himaj/ros2_ws/src/my_py_pkg' returned '0': PYTHONPATH=/home/himaj/ros2_ws/build/my_py_pkg/prefix_override:/home/himaj/ros2_ws/install/my_py_pkg/lib/python3.10/site-packages:${PYTHONPATH} /usr/bin/python3 setup.py egg_info --egg-base ../../build/my_py_pkg build --build-base /home/himaj/ros2_ws/build/my_py_pkg/build install --record /home/himaj/ros2_ws/build/my_py_pkg/install.log --single-version-externally-managed
