[0.051s] Invoking command in '/home/himaj/ros2_ws/build/my_robot_bringup': CMAKE_PREFIX_PATH=${CMAKE_PREFIX_PATH}:/opt/ros/humble /usr/bin/cmake /home/himaj/ros2_ws/src/my_robot_bringup -DAMENT_CMAKE_SYMLINK_INSTALL=1 -DCMAKE_INSTALL_PREFIX=/home/himaj/ros2_ws/install/my_robot_bringup
[0.133s] -- The C compiler identification is GNU 11.4.0
[0.205s] -- The CXX compiler identification is GNU 11.4.0
[0.212s] -- Detecting C compiler ABI info
[0.277s] -- Detecting C compiler ABI info - done
[0.282s] -- Check for working C compiler: /usr/bin/cc - skipped
[0.283s] -- Detecting C compile features
[0.283s] -- Detecting C compile features - done
[0.286s] -- Detecting CXX compiler ABI info
[0.359s] -- Detecting CXX compiler ABI info - done
[0.365s] -- Check for working CXX compiler: /usr/bin/c++ - skipped
[0.365s] -- Detecting CXX compile features
[0.365s] -- Detecting CXX compile features - done
[0.368s] -- Found ament_cmake: 1.3.6 (/opt/ros/humble/share/ament_cmake/cmake)
[0.498s] -- Found Python3: /usr/bin/python3.10 (found version "3.10.12") found components: Interpreter 
[0.544s] -- Override CMake install command with custom implementation using symlinks instead of copying resources
[0.613s] -- Configuring done
[0.615s] -- Generating done
[0.616s] -- Build files have been written to: /home/himaj/ros2_ws/build/my_robot_bringup
[0.620s] Invoked command in '/home/himaj/ros2_ws/build/my_robot_bringup' returned '0': CMAKE_PREFIX_PATH=${CMAKE_PREFIX_PATH}:/opt/ros/humble /usr/bin/cmake /home/himaj/ros2_ws/src/my_robot_bringup -DAMENT_CMAKE_SYMLINK_INSTALL=1 -DCMAKE_INSTALL_PREFIX=/home/himaj/ros2_ws/install/my_robot_bringup
[0.621s] Invoking command in '/home/himaj/ros2_ws/build/my_robot_bringup': CMAKE_PREFIX_PATH=${CMAKE_PREFIX_PATH}:/opt/ros/humble /usr/bin/cmake --build /home/himaj/ros2_ws/build/my_robot_bringup -- -j12 -l12
[0.658s] Invoked command in '/home/himaj/ros2_ws/build/my_robot_bringup' returned '0': CMAKE_PREFIX_PATH=${CMAKE_PREFIX_PATH}:/opt/ros/humble /usr/bin/cmake --build /home/himaj/ros2_ws/build/my_robot_bringup -- -j12 -l12
[0.682s] Invoking command in '/home/himaj/ros2_ws/build/my_robot_bringup': CMAKE_PREFIX_PATH=${CMAKE_PREFIX_PATH}:/opt/ros/humble /usr/bin/cmake --install /home/himaj/ros2_ws/build/my_robot_bringup
[0.689s] -- Install configuration: ""
[0.690s] -- Execute custom install script
[0.690s] -- Symlinking: /home/himaj/ros2_ws/install/my_robot_bringup/share/my_robot_bringup//launch/my_robot_gazebo.launch.xml
[0.699s] -- Symlinking: /home/himaj/ros2_ws/install/my_robot_bringup/share/ament_index/resource_index/package_run_dependencies/my_robot_bringup
[0.707s] -- Symlinking: /home/himaj/ros2_ws/install/my_robot_bringup/share/ament_index/resource_index/parent_prefix_path/my_robot_bringup
[0.715s] -- Symlinking: /home/himaj/ros2_ws/install/my_robot_bringup/share/my_robot_bringup/environment/ament_prefix_path.sh
[0.725s] -- Symlinking: /home/himaj/ros2_ws/install/my_robot_bringup/share/my_robot_bringup/environment/ament_prefix_path.dsv
[0.734s] -- Symlinking: /home/himaj/ros2_ws/install/my_robot_bringup/share/my_robot_bringup/environment/path.sh
[0.742s] -- Symlinking: /home/himaj/ros2_ws/install/my_robot_bringup/share/my_robot_bringup/environment/path.dsv
[0.751s] -- Symlinking: /home/himaj/ros2_ws/install/my_robot_bringup/share/my_robot_bringup/local_setup.bash
[0.759s] -- Symlinking: /home/himaj/ros2_ws/install/my_robot_bringup/share/my_robot_bringup/local_setup.sh
[0.767s] -- Symlinking: /home/himaj/ros2_ws/install/my_robot_bringup/share/my_robot_bringup/local_setup.zsh
[0.776s] -- Symlinking: /home/himaj/ros2_ws/install/my_robot_bringup/share/my_robot_bringup/local_setup.dsv
[0.785s] -- Symlinking: /home/himaj/ros2_ws/install/my_robot_bringup/share/my_robot_bringup/package.dsv
[0.793s] -- Symlinking: /home/himaj/ros2_ws/install/my_robot_bringup/share/ament_index/resource_index/packages/my_robot_bringup
[0.801s] -- Symlinking: /home/himaj/ros2_ws/install/my_robot_bringup/share/my_robot_bringup/cmake/my_robot_bringupConfig.cmake
[0.809s] -- Symlinking: /home/himaj/ros2_ws/install/my_robot_bringup/share/my_robot_bringup/cmake/my_robot_bringupConfig-version.cmake
[0.817s] -- Symlinking: /home/himaj/ros2_ws/install/my_robot_bringup/share/my_robot_bringup/package.xml
[0.827s] Invoked command in '/home/himaj/ros2_ws/build/my_robot_bringup' returned '0': CMAKE_PREFIX_PATH=${CMAKE_PREFIX_PATH}:/opt/ros/humble /usr/bin/cmake --install /home/himaj/ros2_ws/build/my_robot_bringup
