[0.883s] Invoking command in '/home/himaj/ros2_ws/build/my_py_pkg': PYTHONPATH=/home/himaj/ros2_ws/build/my_py_pkg/prefix_override:/home/himaj/ros2_ws/install/my_py_pkg/lib/python3.10/site-packages:${PYTHONPATH} /usr/bin/python3 setup.py develop --editable --build-directory /home/himaj/ros2_ws/build/my_py_pkg/build --no-deps install_data
[1.180s] running develop
[1.365s] running egg_info
[1.365s] creating my_py_pkg.egg-info
[1.365s] writing my_py_pkg.egg-info/PKG-INFO
[1.365s] writing dependency_links to my_py_pkg.egg-info/dependency_links.txt
[1.366s] writing entry points to my_py_pkg.egg-info/entry_points.txt
[1.366s] writing requirements to my_py_pkg.egg-info/requires.txt
[1.366s] writing top-level names to my_py_pkg.egg-info/top_level.txt
[1.366s] writing manifest file 'my_py_pkg.egg-info/SOURCES.txt'
[1.368s] reading manifest file 'my_py_pkg.egg-info/SOURCES.txt'
[1.368s] writing manifest file 'my_py_pkg.egg-info/SOURCES.txt'
[1.370s] running build_ext
[1.370s] Creating /home/himaj/ros2_ws/install/my_py_pkg/lib/python3.10/site-packages/my-py-pkg.egg-link (link to .)
[1.371s] Installing joint_state_pub script to /home/himaj/ros2_ws/install/my_py_pkg/lib/my_py_pkg
[1.371s] 
[1.371s] Installed /home/himaj/ros2_ws/build/my_py_pkg
[1.371s] running install_data
[1.371s] creating /home/himaj/ros2_ws/install/my_py_pkg/share/ament_index
[1.372s] creating /home/himaj/ros2_ws/install/my_py_pkg/share/ament_index/resource_index
[1.372s] creating /home/himaj/ros2_ws/install/my_py_pkg/share/ament_index/resource_index/packages
[1.372s] copying resource/my_py_pkg -> /home/himaj/ros2_ws/install/my_py_pkg/share/ament_index/resource_index/packages
[1.372s] copying package.xml -> /home/himaj/ros2_ws/install/my_py_pkg/share/my_py_pkg
[1.401s] Invoked command in '/home/himaj/ros2_ws/build/my_py_pkg' returned '0': PYTHONPATH=/home/himaj/ros2_ws/build/my_py_pkg/prefix_override:/home/himaj/ros2_ws/install/my_py_pkg/lib/python3.10/site-packages:${PYTHONPATH} /usr/bin/python3 setup.py develop --editable --build-directory /home/himaj/ros2_ws/build/my_py_pkg/build --no-deps install_data
