[0.052s] Invoking command in '/home/himaj/ros2_ws/build/my_robot_description': CMAKE_PREFIX_PATH=/opt/ros/humble /usr/bin/cmake --build /home/himaj/ros2_ws/build/my_robot_description -- -j12 -l12
[0.072s] -- Found ament_cmake: 1.3.6 (/opt/ros/humble/share/ament_cmake/cmake)
[0.237s] -- Configuring done
[0.239s] -- Generating done
[0.240s] -- Build files have been written to: /home/himaj/ros2_ws/build/my_robot_description
[0.259s] Invoked command in '/home/himaj/ros2_ws/build/my_robot_description' returned '0': CMAKE_PREFIX_PATH=/opt/ros/humble /usr/bin/cmake --build /home/himaj/ros2_ws/build/my_robot_description -- -j12 -l12
[0.289s] Invoking command in '/home/himaj/ros2_ws/build/my_robot_description': CMAKE_PREFIX_PATH=/opt/ros/humble /usr/bin/cmake --install /home/himaj/ros2_ws/build/my_robot_description
[0.295s] -- Install configuration: ""
[0.295s] -- Up-to-date: /home/himaj/ros2_ws/install/my_robot_description/share/my_robot_description//urdf
[0.295s] -- Up-to-date: /home/himaj/ros2_ws/install/my_robot_description/share/my_robot_description//urdf/my_robot.urdf
[0.295s] -- Installing: /home/himaj/ros2_ws/install/my_robot_description/share/my_robot_description//launch
[0.295s] -- Installing: /home/himaj/ros2_ws/install/my_robot_description/share/my_robot_description//launch/display.launch.xml
[0.295s] -- Up-to-date: /home/himaj/ros2_ws/install/my_robot_description/share/ament_index/resource_index/package_run_dependencies/my_robot_description
[0.296s] -- Up-to-date: /home/himaj/ros2_ws/install/my_robot_description/share/ament_index/resource_index/parent_prefix_path/my_robot_description
[0.296s] -- Up-to-date: /home/himaj/ros2_ws/install/my_robot_description/share/my_robot_description/environment/ament_prefix_path.sh
[0.296s] -- Installing: /home/himaj/ros2_ws/install/my_robot_description/share/my_robot_description/environment/ament_prefix_path.dsv
[0.296s] -- Up-to-date: /home/himaj/ros2_ws/install/my_robot_description/share/my_robot_description/environment/path.sh
[0.296s] -- Installing: /home/himaj/ros2_ws/install/my_robot_description/share/my_robot_description/environment/path.dsv
[0.296s] -- Up-to-date: /home/himaj/ros2_ws/install/my_robot_description/share/my_robot_description/local_setup.bash
[0.296s] -- Up-to-date: /home/himaj/ros2_ws/install/my_robot_description/share/my_robot_description/local_setup.sh
[0.296s] -- Up-to-date: /home/himaj/ros2_ws/install/my_robot_description/share/my_robot_description/local_setup.zsh
[0.296s] -- Installing: /home/himaj/ros2_ws/install/my_robot_description/share/my_robot_description/local_setup.dsv
[0.296s] -- Installing: /home/himaj/ros2_ws/install/my_robot_description/share/my_robot_description/package.dsv
[0.296s] -- Up-to-date: /home/himaj/ros2_ws/install/my_robot_description/share/ament_index/resource_index/packages/my_robot_description
[0.296s] -- Up-to-date: /home/himaj/ros2_ws/install/my_robot_description/share/my_robot_description/cmake/my_robot_descriptionConfig.cmake
[0.296s] -- Up-to-date: /home/himaj/ros2_ws/install/my_robot_description/share/my_robot_description/cmake/my_robot_descriptionConfig-version.cmake
[0.296s] -- Up-to-date: /home/himaj/ros2_ws/install/my_robot_description/share/my_robot_description/package.xml
[0.298s] Invoked command in '/home/himaj/ros2_ws/build/my_robot_description' returned '0': CMAKE_PREFIX_PATH=/opt/ros/humble /usr/bin/cmake --install /home/himaj/ros2_ws/build/my_robot_description
