[2.371s] DEBUG:colcon:Command line arguments: ['/usr/bin/colcon', 'build', '--symlink-install']
[2.371s] DEBUG:colcon:Parsed command line arguments: Namespace(log_base=None, log_level=None, verb_name='build', build_base='build', install_base='install', merge_install=False, symlink_install=True, test_result_base=None, continue_on_error=False, executor='parallel', parallel_workers=12, event_handlers=None, ignore_user_meta=False, metas=['./colcon.meta'], base_paths=['.'], packages_ignore=None, packages_ignore_regex=None, paths=None, packages_up_to=None, packages_up_to_regex=None, packages_above=None, packages_above_and_dependencies=None, packages_above_depth=None, packages_select_by_dep=None, packages_skip_by_dep=None, packages_skip_up_to=None, packages_select_build_failed=False, packages_skip_build_finished=False, packages_select_test_failures=False, packages_skip_test_passed=False, packages_select=None, packages_skip=None, packages_select_regex=None, packages_skip_regex=None, packages_start=None, packages_end=None, allow_overriding=[], cmake_args=None, cmake_target=None, cmake_target_skip_unavailable=False, cmake_clean_cache=False, cmake_clean_first=False, cmake_force_configure=False, ament_cmake_args=None, catkin_cmake_args=None, catkin_skip_building_tests=False, verb_parser=<colcon_defaults.argument_parser.defaults.DefaultArgumentsDecorator object at 0x7f8aec0a71c0>, verb_extension=<colcon_core.verb.build.BuildVerb object at 0x7f8aec0a4fd0>, main=<bound method BuildVerb.main of <colcon_core.verb.build.BuildVerb object at 0x7f8aec0a4fd0>>)
[2.478s] Level 1:colcon.colcon_core.package_discovery:discover_packages(colcon_meta) check parameters
[2.479s] Level 1:colcon.colcon_core.package_discovery:discover_packages(recursive) check parameters
[2.479s] Level 1:colcon.colcon_core.package_discovery:discover_packages(ignore) check parameters
[2.479s] Level 1:colcon.colcon_core.package_discovery:discover_packages(path) check parameters
[2.479s] Level 1:colcon.colcon_core.package_discovery:discover_packages(colcon_meta) discover
[2.479s] Level 1:colcon.colcon_core.package_discovery:discover_packages(recursive) discover
[2.479s] INFO:colcon.colcon_core.package_discovery:Crawling recursively for packages in '/home/himaj/ros2_ws'
[2.479s] Level 1:colcon.colcon_core.package_identification:_identify(.) by extensions ['ignore', 'ignore_ament_install']
[2.480s] Level 1:colcon.colcon_core.package_identification:_identify(.) by extension 'ignore'
[2.480s] Level 1:colcon.colcon_core.package_identification:_identify(.) by extension 'ignore_ament_install'
[2.480s] Level 1:colcon.colcon_core.package_identification:_identify(.) by extensions ['colcon_pkg']
[2.480s] Level 1:colcon.colcon_core.package_identification:_identify(.) by extension 'colcon_pkg'
[2.480s] Level 1:colcon.colcon_core.package_identification:_identify(.) by extensions ['colcon_meta']
[2.480s] Level 1:colcon.colcon_core.package_identification:_identify(.) by extension 'colcon_meta'
[2.480s] Level 1:colcon.colcon_core.package_identification:_identify(.) by extensions ['ros']
[2.480s] Level 1:colcon.colcon_core.package_identification:_identify(.) by extension 'ros'
[2.504s] Level 1:colcon.colcon_core.package_identification:_identify(.) by extensions ['cmake', 'python']
[2.504s] Level 1:colcon.colcon_core.package_identification:_identify(.) by extension 'cmake'
[2.505s] Level 1:colcon.colcon_core.package_identification:_identify(.) by extension 'python'
[2.505s] Level 1:colcon.colcon_core.package_identification:_identify(.) by extensions ['python_setup_py']
[2.505s] Level 1:colcon.colcon_core.package_identification:_identify(.) by extension 'python_setup_py'
[2.505s] Level 1:colcon.colcon_core.package_identification:_identify(build) by extensions ['ignore', 'ignore_ament_install']
[2.505s] Level 1:colcon.colcon_core.package_identification:_identify(build) by extension 'ignore'
[2.505s] Level 1:colcon.colcon_core.package_identification:_identify(build) ignored
[2.506s] Level 1:colcon.colcon_core.package_identification:_identify(install) by extensions ['ignore', 'ignore_ament_install']
[2.506s] Level 1:colcon.colcon_core.package_identification:_identify(install) by extension 'ignore'
[2.506s] Level 1:colcon.colcon_core.package_identification:_identify(install) ignored
[2.506s] Level 1:colcon.colcon_core.package_identification:_identify(log) by extensions ['ignore', 'ignore_ament_install']
[2.507s] Level 1:colcon.colcon_core.package_identification:_identify(log) by extension 'ignore'
[2.507s] Level 1:colcon.colcon_core.package_identification:_identify(log) ignored
[2.507s] Level 1:colcon.colcon_core.package_identification:_identify(src) by extensions ['ignore', 'ignore_ament_install']
[2.507s] Level 1:colcon.colcon_core.package_identification:_identify(src) by extension 'ignore'
[2.507s] Level 1:colcon.colcon_core.package_identification:_identify(src) by extension 'ignore_ament_install'
[2.507s] Level 1:colcon.colcon_core.package_identification:_identify(src) by extensions ['colcon_pkg']
[2.508s] Level 1:colcon.colcon_core.package_identification:_identify(src) by extension 'colcon_pkg'
[2.508s] Level 1:colcon.colcon_core.package_identification:_identify(src) by extensions ['colcon_meta']
[2.508s] Level 1:colcon.colcon_core.package_identification:_identify(src) by extension 'colcon_meta'
[2.508s] Level 1:colcon.colcon_core.package_identification:_identify(src) by extensions ['ros']
[2.508s] Level 1:colcon.colcon_core.package_identification:_identify(src) by extension 'ros'
[2.508s] Level 1:colcon.colcon_core.package_identification:_identify(src) by extensions ['cmake', 'python']
[2.508s] Level 1:colcon.colcon_core.package_identification:_identify(src) by extension 'cmake'
[2.508s] Level 1:colcon.colcon_core.package_identification:_identify(src) by extension 'python'
[2.508s] Level 1:colcon.colcon_core.package_identification:_identify(src) by extensions ['python_setup_py']
[2.508s] Level 1:colcon.colcon_core.package_identification:_identify(src) by extension 'python_setup_py'
[2.509s] Level 1:colcon.colcon_core.package_identification:_identify(src/my_robot_bringup) by extensions ['ignore', 'ignore_ament_install']
[2.509s] Level 1:colcon.colcon_core.package_identification:_identify(src/my_robot_bringup) by extension 'ignore'
[2.509s] Level 1:colcon.colcon_core.package_identification:_identify(src/my_robot_bringup) by extension 'ignore_ament_install'
[2.509s] Level 1:colcon.colcon_core.package_identification:_identify(src/my_robot_bringup) by extensions ['colcon_pkg']
[2.509s] Level 1:colcon.colcon_core.package_identification:_identify(src/my_robot_bringup) by extension 'colcon_pkg'
[2.509s] Level 1:colcon.colcon_core.package_identification:_identify(src/my_robot_bringup) by extensions ['colcon_meta']
[2.509s] Level 1:colcon.colcon_core.package_identification:_identify(src/my_robot_bringup) by extension 'colcon_meta'
[2.509s] Level 1:colcon.colcon_core.package_identification:_identify(src/my_robot_bringup) by extensions ['ros']
[2.510s] Level 1:colcon.colcon_core.package_identification:_identify(src/my_robot_bringup) by extension 'ros'
[2.515s] DEBUG:colcon.colcon_core.package_identification:Package 'src/my_robot_bringup' with type 'ros.ament_cmake' and name 'my_robot_bringup'
[2.515s] Level 1:colcon.colcon_core.package_identification:_identify(src/my_robot_description) by extensions ['ignore', 'ignore_ament_install']
[2.515s] Level 1:colcon.colcon_core.package_identification:_identify(src/my_robot_description) by extension 'ignore'
[2.515s] Level 1:colcon.colcon_core.package_identification:_identify(src/my_robot_description) by extension 'ignore_ament_install'
[2.516s] Level 1:colcon.colcon_core.package_identification:_identify(src/my_robot_description) by extensions ['colcon_pkg']
[2.516s] Level 1:colcon.colcon_core.package_identification:_identify(src/my_robot_description) by extension 'colcon_pkg'
[2.516s] Level 1:colcon.colcon_core.package_identification:_identify(src/my_robot_description) by extensions ['colcon_meta']
[2.516s] Level 1:colcon.colcon_core.package_identification:_identify(src/my_robot_description) by extension 'colcon_meta'
[2.516s] Level 1:colcon.colcon_core.package_identification:_identify(src/my_robot_description) by extensions ['ros']
[2.516s] Level 1:colcon.colcon_core.package_identification:_identify(src/my_robot_description) by extension 'ros'
[2.517s] DEBUG:colcon.colcon_core.package_identification:Package 'src/my_robot_description' with type 'ros.ament_cmake' and name 'my_robot_description'
[2.517s] Level 1:colcon.colcon_core.package_discovery:discover_packages(recursive) using defaults
[2.517s] Level 1:colcon.colcon_core.package_discovery:discover_packages(ignore) discover
[2.517s] Level 1:colcon.colcon_core.package_discovery:discover_packages(ignore) using defaults
[2.517s] Level 1:colcon.colcon_core.package_discovery:discover_packages(path) discover
[2.517s] Level 1:colcon.colcon_core.package_discovery:discover_packages(path) using defaults
[2.733s] Level 1:colcon.colcon_core.package_discovery:discover_packages(prefix_path) check parameters
[2.733s] Level 1:colcon.colcon_core.package_discovery:discover_packages(prefix_path) discover
[2.806s] DEBUG:colcon.colcon_installed_package_information.package_discovery:Found 2 installed packages in /home/himaj/ros2_ws/install
[2.842s] DEBUG:colcon.colcon_installed_package_information.package_discovery:Found 282 installed packages in /opt/ros/humble
[2.845s] Level 1:colcon.colcon_core.package_discovery:discover_packages(prefix_path) using defaults
[3.072s] Level 5:colcon.colcon_core.verb:set package 'my_robot_description' build argument 'cmake_args' from command line to 'None'
[3.072s] Level 5:colcon.colcon_core.verb:set package 'my_robot_description' build argument 'cmake_target' from command line to 'None'
[3.072s] Level 5:colcon.colcon_core.verb:set package 'my_robot_description' build argument 'cmake_target_skip_unavailable' from command line to 'False'
[3.072s] Level 5:colcon.colcon_core.verb:set package 'my_robot_description' build argument 'cmake_clean_cache' from command line to 'False'
[3.072s] Level 5:colcon.colcon_core.verb:set package 'my_robot_description' build argument 'cmake_clean_first' from command line to 'False'
[3.072s] Level 5:colcon.colcon_core.verb:set package 'my_robot_description' build argument 'cmake_force_configure' from command line to 'False'
[3.072s] Level 5:colcon.colcon_core.verb:set package 'my_robot_description' build argument 'ament_cmake_args' from command line to 'None'
[3.072s] Level 5:colcon.colcon_core.verb:set package 'my_robot_description' build argument 'catkin_cmake_args' from command line to 'None'
[3.072s] Level 5:colcon.colcon_core.verb:set package 'my_robot_description' build argument 'catkin_skip_building_tests' from command line to 'False'
[3.072s] DEBUG:colcon.colcon_core.verb:Building package 'my_robot_description' with the following arguments: {'ament_cmake_args': None, 'build_base': '/home/himaj/ros2_ws/build/my_robot_description', 'catkin_cmake_args': None, 'catkin_skip_building_tests': False, 'cmake_args': None, 'cmake_clean_cache': False, 'cmake_clean_first': False, 'cmake_force_configure': False, 'cmake_target': None, 'cmake_target_skip_unavailable': False, 'install_base': '/home/himaj/ros2_ws/install/my_robot_description', 'merge_install': False, 'path': '/home/himaj/ros2_ws/src/my_robot_description', 'symlink_install': True, 'test_result_base': None}
[3.108s] Level 5:colcon.colcon_core.verb:set package 'my_robot_bringup' build argument 'cmake_args' from command line to 'None'
[3.108s] Level 5:colcon.colcon_core.verb:set package 'my_robot_bringup' build argument 'cmake_target' from command line to 'None'
[3.108s] Level 5:colcon.colcon_core.verb:set package 'my_robot_bringup' build argument 'cmake_target_skip_unavailable' from command line to 'False'
[3.108s] Level 5:colcon.colcon_core.verb:set package 'my_robot_bringup' build argument 'cmake_clean_cache' from command line to 'False'
[3.108s] Level 5:colcon.colcon_core.verb:set package 'my_robot_bringup' build argument 'cmake_clean_first' from command line to 'False'
[3.108s] Level 5:colcon.colcon_core.verb:set package 'my_robot_bringup' build argument 'cmake_force_configure' from command line to 'False'
[3.108s] Level 5:colcon.colcon_core.verb:set package 'my_robot_bringup' build argument 'ament_cmake_args' from command line to 'None'
[3.108s] Level 5:colcon.colcon_core.verb:set package 'my_robot_bringup' build argument 'catkin_cmake_args' from command line to 'None'
[3.108s] Level 5:colcon.colcon_core.verb:set package 'my_robot_bringup' build argument 'catkin_skip_building_tests' from command line to 'False'
[3.108s] DEBUG:colcon.colcon_core.verb:Building package 'my_robot_bringup' with the following arguments: {'ament_cmake_args': None, 'build_base': '/home/himaj/ros2_ws/build/my_robot_bringup', 'catkin_cmake_args': None, 'catkin_skip_building_tests': False, 'cmake_args': None, 'cmake_clean_cache': False, 'cmake_clean_first': False, 'cmake_force_configure': False, 'cmake_target': None, 'cmake_target_skip_unavailable': False, 'install_base': '/home/himaj/ros2_ws/install/my_robot_bringup', 'merge_install': False, 'path': '/home/himaj/ros2_ws/src/my_robot_bringup', 'symlink_install': True, 'test_result_base': None}
[3.143s] INFO:colcon.colcon_core.executor:Executing jobs using 'parallel' executor
[3.179s] DEBUG:colcon.colcon_parallel_executor.executor.parallel:run_until_complete
[3.179s] INFO:colcon.colcon_ros.task.ament_cmake.build:Building ROS package in '/home/himaj/ros2_ws/src/my_robot_description' with build type 'ament_cmake'
[3.179s] INFO:colcon.colcon_cmake.task.cmake.build:Building CMake package in '/home/himaj/ros2_ws/src/my_robot_description'
[3.218s] INFO:colcon.colcon_core.plugin_system:Skipping extension 'colcon_core.shell.bat': Not used on non-Windows systems
[3.219s] INFO:colcon.colcon_core.shell:Skip shell extension 'powershell' for command environment: Not usable outside of PowerShell
[3.219s] DEBUG:colcon.colcon_core.shell:Skip shell extension 'dsv' for command environment
[3.345s] DEBUG:colcon.colcon_core.event_handler.log_command:Invoking command in '/home/himaj/ros2_ws/build/my_robot_description': CMAKE_PREFIX_PATH=${CMAKE_PREFIX_PATH}:/opt/ros/humble /usr/bin/cmake --build /home/himaj/ros2_ws/build/my_robot_description -- -j12 -l12
[3.444s] DEBUG:colcon.colcon_core.event_handler.log_command:Invoked command in '/home/himaj/ros2_ws/build/my_robot_description' returned '0': CMAKE_PREFIX_PATH=${CMAKE_PREFIX_PATH}:/opt/ros/humble /usr/bin/cmake --build /home/himaj/ros2_ws/build/my_robot_description -- -j12 -l12
[3.530s] DEBUG:colcon.colcon_core.event_handler.log_command:Invoking command in '/home/himaj/ros2_ws/build/my_robot_description': CMAKE_PREFIX_PATH=${CMAKE_PREFIX_PATH}:/opt/ros/humble /usr/bin/cmake --install /home/himaj/ros2_ws/build/my_robot_description
[3.591s] Level 1:colcon.colcon_core.environment:create_environment_scripts_only(my_robot_description)
[3.592s] DEBUG:colcon.colcon_core.event_handler.log_command:Invoked command in '/home/himaj/ros2_ws/build/my_robot_description' returned '0': CMAKE_PREFIX_PATH=${CMAKE_PREFIX_PATH}:/opt/ros/humble /usr/bin/cmake --install /home/himaj/ros2_ws/build/my_robot_description
[3.632s] Level 1:colcon.colcon_core.environment:checking '/home/himaj/ros2_ws/install/my_robot_description' for CMake module files
[3.633s] Level 1:colcon.colcon_core.environment:checking '/home/himaj/ros2_ws/install/my_robot_description' for CMake config files
[3.634s] Level 1:colcon.colcon_core.shell:create_environment_hook('my_robot_description', 'cmake_prefix_path')
[3.668s] INFO:colcon.colcon_core.shell:Creating environment hook '/home/himaj/ros2_ws/install/my_robot_description/share/my_robot_description/hook/cmake_prefix_path.ps1'
[3.669s] INFO:colcon.colcon_core.shell:Creating environment descriptor '/home/himaj/ros2_ws/install/my_robot_description/share/my_robot_description/hook/cmake_prefix_path.dsv'
[3.670s] INFO:colcon.colcon_core.shell:Creating environment hook '/home/himaj/ros2_ws/install/my_robot_description/share/my_robot_description/hook/cmake_prefix_path.sh'
[3.672s] Level 1:colcon.colcon_core.environment:checking '/home/himaj/ros2_ws/install/my_robot_description/bin'
[3.672s] Level 1:colcon.colcon_core.environment:checking '/home/himaj/ros2_ws/install/my_robot_description/lib/pkgconfig/my_robot_description.pc'
[3.672s] Level 1:colcon.colcon_core.environment:checking '/home/himaj/ros2_ws/install/my_robot_description/lib/python3.10/site-packages'
[3.673s] Level 1:colcon.colcon_core.environment:checking '/home/himaj/ros2_ws/install/my_robot_description/bin'
[3.708s] INFO:colcon.colcon_core.shell:Creating package script '/home/himaj/ros2_ws/install/my_robot_description/share/my_robot_description/package.ps1'
[3.710s] INFO:colcon.colcon_core.shell:Creating package descriptor '/home/himaj/ros2_ws/install/my_robot_description/share/my_robot_description/package.dsv'
[3.711s] INFO:colcon.colcon_core.shell:Creating package script '/home/himaj/ros2_ws/install/my_robot_description/share/my_robot_description/package.sh'
[3.713s] INFO:colcon.colcon_core.shell:Creating package script '/home/himaj/ros2_ws/install/my_robot_description/share/my_robot_description/package.bash'
[3.714s] INFO:colcon.colcon_core.shell:Creating package script '/home/himaj/ros2_ws/install/my_robot_description/share/my_robot_description/package.zsh'
[3.716s] Level 1:colcon.colcon_core.environment:create_file_with_runtime_dependencies(/home/himaj/ros2_ws/install/my_robot_description/share/colcon-core/packages/my_robot_description)
[3.813s] Level 1:colcon.colcon_core.environment:create_environment_scripts_only(my_robot_description)
[3.847s] Level 1:colcon.colcon_core.environment:checking '/home/himaj/ros2_ws/install/my_robot_description' for CMake module files
[3.848s] Level 1:colcon.colcon_core.environment:checking '/home/himaj/ros2_ws/install/my_robot_description' for CMake config files
[3.849s] Level 1:colcon.colcon_core.shell:create_environment_hook('my_robot_description', 'cmake_prefix_path')
[3.884s] INFO:colcon.colcon_core.shell:Creating environment hook '/home/himaj/ros2_ws/install/my_robot_description/share/my_robot_description/hook/cmake_prefix_path.ps1'
[3.885s] INFO:colcon.colcon_core.shell:Creating environment descriptor '/home/himaj/ros2_ws/install/my_robot_description/share/my_robot_description/hook/cmake_prefix_path.dsv'
[3.885s] INFO:colcon.colcon_core.shell:Creating environment hook '/home/himaj/ros2_ws/install/my_robot_description/share/my_robot_description/hook/cmake_prefix_path.sh'
[3.886s] Level 1:colcon.colcon_core.environment:checking '/home/himaj/ros2_ws/install/my_robot_description/bin'
[3.887s] Level 1:colcon.colcon_core.environment:checking '/home/himaj/ros2_ws/install/my_robot_description/lib/pkgconfig/my_robot_description.pc'
[3.887s] Level 1:colcon.colcon_core.environment:checking '/home/himaj/ros2_ws/install/my_robot_description/lib/python3.10/site-packages'
[3.888s] Level 1:colcon.colcon_core.environment:checking '/home/himaj/ros2_ws/install/my_robot_description/bin'
[3.923s] INFO:colcon.colcon_core.shell:Creating package script '/home/himaj/ros2_ws/install/my_robot_description/share/my_robot_description/package.ps1'
[3.924s] INFO:colcon.colcon_core.shell:Creating package descriptor '/home/himaj/ros2_ws/install/my_robot_description/share/my_robot_description/package.dsv'
[3.925s] INFO:colcon.colcon_core.shell:Creating package script '/home/himaj/ros2_ws/install/my_robot_description/share/my_robot_description/package.sh'
[3.926s] INFO:colcon.colcon_core.shell:Creating package script '/home/himaj/ros2_ws/install/my_robot_description/share/my_robot_description/package.bash'
[3.927s] INFO:colcon.colcon_core.shell:Creating package script '/home/himaj/ros2_ws/install/my_robot_description/share/my_robot_description/package.zsh'
[3.928s] Level 1:colcon.colcon_core.environment:create_file_with_runtime_dependencies(/home/himaj/ros2_ws/install/my_robot_description/share/colcon-core/packages/my_robot_description)
[3.928s] INFO:colcon.colcon_ros.task.ament_cmake.build:Building ROS package in '/home/himaj/ros2_ws/src/my_robot_bringup' with build type 'ament_cmake'
[3.929s] INFO:colcon.colcon_cmake.task.cmake.build:Building CMake package in '/home/himaj/ros2_ws/src/my_robot_bringup'
[3.966s] INFO:colcon.colcon_core.shell:Skip shell extension 'powershell' for command environment: Not usable outside of PowerShell
[3.966s] DEBUG:colcon.colcon_core.shell:Skip shell extension 'dsv' for command environment
[4.090s] DEBUG:colcon.colcon_core.event_handler.log_command:Invoking command in '/home/himaj/ros2_ws/build/my_robot_bringup': CMAKE_PREFIX_PATH=/home/himaj/ros2_ws/install/my_robot_description:/home/himaj/ros2_ws/install/my_robot_bringup:/opt/ros/humble /usr/bin/cmake --build /home/himaj/ros2_ws/build/my_robot_bringup -- -j12 -l12
[4.190s] DEBUG:colcon.colcon_core.event_handler.log_command:Invoked command in '/home/himaj/ros2_ws/build/my_robot_bringup' returned '0': CMAKE_PREFIX_PATH=/home/himaj/ros2_ws/install/my_robot_description:/home/himaj/ros2_ws/install/my_robot_bringup:/opt/ros/humble /usr/bin/cmake --build /home/himaj/ros2_ws/build/my_robot_bringup -- -j12 -l12
[4.253s] DEBUG:colcon.colcon_core.event_handler.log_command:Invoking command in '/home/himaj/ros2_ws/build/my_robot_bringup': CMAKE_PREFIX_PATH=/home/himaj/ros2_ws/install/my_robot_description:/home/himaj/ros2_ws/install/my_robot_bringup:/opt/ros/humble /usr/bin/cmake --install /home/himaj/ros2_ws/build/my_robot_bringup
[4.308s] Level 1:colcon.colcon_core.environment:create_environment_scripts_only(my_robot_bringup)
[4.309s] DEBUG:colcon.colcon_core.event_handler.log_command:Invoked command in '/home/himaj/ros2_ws/build/my_robot_bringup' returned '0': CMAKE_PREFIX_PATH=/home/himaj/ros2_ws/install/my_robot_description:/home/himaj/ros2_ws/install/my_robot_bringup:/opt/ros/humble /usr/bin/cmake --install /home/himaj/ros2_ws/build/my_robot_bringup
[4.345s] Level 1:colcon.colcon_core.environment:checking '/home/himaj/ros2_ws/install/my_robot_bringup' for CMake module files
[4.346s] Level 1:colcon.colcon_core.environment:checking '/home/himaj/ros2_ws/install/my_robot_bringup' for CMake config files
[4.346s] Level 1:colcon.colcon_core.shell:create_environment_hook('my_robot_bringup', 'cmake_prefix_path')
[4.382s] INFO:colcon.colcon_core.shell:Creating environment hook '/home/himaj/ros2_ws/install/my_robot_bringup/share/my_robot_bringup/hook/cmake_prefix_path.ps1'
[4.383s] INFO:colcon.colcon_core.shell:Creating environment descriptor '/home/himaj/ros2_ws/install/my_robot_bringup/share/my_robot_bringup/hook/cmake_prefix_path.dsv'
[4.384s] INFO:colcon.colcon_core.shell:Creating environment hook '/home/himaj/ros2_ws/install/my_robot_bringup/share/my_robot_bringup/hook/cmake_prefix_path.sh'
[4.385s] Level 1:colcon.colcon_core.environment:checking '/home/himaj/ros2_ws/install/my_robot_bringup/bin'
[4.385s] Level 1:colcon.colcon_core.environment:checking '/home/himaj/ros2_ws/install/my_robot_bringup/lib/pkgconfig/my_robot_bringup.pc'
[4.385s] Level 1:colcon.colcon_core.environment:checking '/home/himaj/ros2_ws/install/my_robot_bringup/lib/python3.10/site-packages'
[4.386s] Level 1:colcon.colcon_core.environment:checking '/home/himaj/ros2_ws/install/my_robot_bringup/bin'
[4.421s] INFO:colcon.colcon_core.shell:Creating package script '/home/himaj/ros2_ws/install/my_robot_bringup/share/my_robot_bringup/package.ps1'
[4.422s] INFO:colcon.colcon_core.shell:Creating package descriptor '/home/himaj/ros2_ws/install/my_robot_bringup/share/my_robot_bringup/package.dsv'
[4.422s] INFO:colcon.colcon_core.shell:Creating package script '/home/himaj/ros2_ws/install/my_robot_bringup/share/my_robot_bringup/package.sh'
[4.423s] INFO:colcon.colcon_core.shell:Creating package script '/home/himaj/ros2_ws/install/my_robot_bringup/share/my_robot_bringup/package.bash'
[4.424s] INFO:colcon.colcon_core.shell:Creating package script '/home/himaj/ros2_ws/install/my_robot_bringup/share/my_robot_bringup/package.zsh'
[4.425s] Level 1:colcon.colcon_core.environment:create_file_with_runtime_dependencies(/home/himaj/ros2_ws/install/my_robot_bringup/share/colcon-core/packages/my_robot_bringup)
[4.521s] Level 1:colcon.colcon_core.environment:create_environment_scripts_only(my_robot_bringup)
[4.556s] Level 1:colcon.colcon_core.environment:checking '/home/himaj/ros2_ws/install/my_robot_bringup' for CMake module files
[4.557s] Level 1:colcon.colcon_core.environment:checking '/home/himaj/ros2_ws/install/my_robot_bringup' for CMake config files
[4.557s] Level 1:colcon.colcon_core.shell:create_environment_hook('my_robot_bringup', 'cmake_prefix_path')
[4.593s] INFO:colcon.colcon_core.shell:Creating environment hook '/home/himaj/ros2_ws/install/my_robot_bringup/share/my_robot_bringup/hook/cmake_prefix_path.ps1'
[4.594s] INFO:colcon.colcon_core.shell:Creating environment descriptor '/home/himaj/ros2_ws/install/my_robot_bringup/share/my_robot_bringup/hook/cmake_prefix_path.dsv'
[4.595s] INFO:colcon.colcon_core.shell:Creating environment hook '/home/himaj/ros2_ws/install/my_robot_bringup/share/my_robot_bringup/hook/cmake_prefix_path.sh'
[4.596s] Level 1:colcon.colcon_core.environment:checking '/home/himaj/ros2_ws/install/my_robot_bringup/bin'
[4.596s] Level 1:colcon.colcon_core.environment:checking '/home/himaj/ros2_ws/install/my_robot_bringup/lib/pkgconfig/my_robot_bringup.pc'
[4.596s] Level 1:colcon.colcon_core.environment:checking '/home/himaj/ros2_ws/install/my_robot_bringup/lib/python3.10/site-packages'
[4.597s] Level 1:colcon.colcon_core.environment:checking '/home/himaj/ros2_ws/install/my_robot_bringup/bin'
[4.633s] INFO:colcon.colcon_core.shell:Creating package script '/home/himaj/ros2_ws/install/my_robot_bringup/share/my_robot_bringup/package.ps1'
[4.634s] INFO:colcon.colcon_core.shell:Creating package descriptor '/home/himaj/ros2_ws/install/my_robot_bringup/share/my_robot_bringup/package.dsv'
[4.635s] INFO:colcon.colcon_core.shell:Creating package script '/home/himaj/ros2_ws/install/my_robot_bringup/share/my_robot_bringup/package.sh'
[4.636s] INFO:colcon.colcon_core.shell:Creating package script '/home/himaj/ros2_ws/install/my_robot_bringup/share/my_robot_bringup/package.bash'
[4.636s] INFO:colcon.colcon_core.shell:Creating package script '/home/himaj/ros2_ws/install/my_robot_bringup/share/my_robot_bringup/package.zsh'
[4.637s] Level 1:colcon.colcon_core.environment:create_file_with_runtime_dependencies(/home/himaj/ros2_ws/install/my_robot_bringup/share/colcon-core/packages/my_robot_bringup)
[4.638s] DEBUG:colcon.colcon_parallel_executor.executor.parallel:closing loop
[4.639s] DEBUG:colcon.colcon_parallel_executor.executor.parallel:loop closed
[4.639s] DEBUG:colcon.colcon_parallel_executor.executor.parallel:run_until_complete finished with '0'
[4.639s] DEBUG:colcon.colcon_core.event_reactor:joining thread
[4.687s] INFO:colcon.colcon_core.plugin_system:Skipping extension 'colcon_notification.desktop_notification.terminal_notifier': Not used on non-Darwin systems
[4.687s] INFO:colcon.colcon_core.plugin_system:Skipping extension 'colcon_notification.desktop_notification.win32': Not used on non-Windows systems
[4.687s] INFO:colcon.colcon_notification.desktop_notification:Sending desktop notification using 'notify2'
[4.712s] DEBUG:colcon.colcon_core.event_reactor:joined thread
[4.750s] INFO:colcon.colcon_core.shell:Creating prefix script '/home/himaj/ros2_ws/install/local_setup.ps1'
[4.751s] INFO:colcon.colcon_core.shell:Creating prefix util module '/home/himaj/ros2_ws/install/_local_setup_util_ps1.py'
[4.754s] INFO:colcon.colcon_core.shell:Creating prefix chain script '/home/himaj/ros2_ws/install/setup.ps1'
[4.792s] INFO:colcon.colcon_core.shell:Creating prefix script '/home/himaj/ros2_ws/install/local_setup.sh'
[4.794s] INFO:colcon.colcon_core.shell:Creating prefix util module '/home/himaj/ros2_ws/install/_local_setup_util_sh.py'
[4.795s] INFO:colcon.colcon_core.shell:Creating prefix chain script '/home/himaj/ros2_ws/install/setup.sh'
[4.832s] INFO:colcon.colcon_core.shell:Creating prefix script '/home/himaj/ros2_ws/install/local_setup.bash'
[4.833s] INFO:colcon.colcon_core.shell:Creating prefix chain script '/home/himaj/ros2_ws/install/setup.bash'
[4.870s] INFO:colcon.colcon_core.shell:Creating prefix script '/home/himaj/ros2_ws/install/local_setup.zsh'
[4.871s] INFO:colcon.colcon_core.shell:Creating prefix chain script '/home/himaj/ros2_ws/install/setup.zsh'
