[0.756s] DEBUG:colcon:Command line arguments: ['/usr/bin/colcon', 'build', '--symlink-install']
[0.756s] DEBUG:colcon:Parsed command line arguments: Namespace(log_base=None, log_level=None, verb_name='build', build_base='build', install_base='install', merge_install=False, symlink_install=True, test_result_base=None, continue_on_error=False, executor='parallel', parallel_workers=12, event_handlers=None, ignore_user_meta=False, metas=['./colcon.meta'], base_paths=['.'], packages_ignore=None, packages_ignore_regex=None, paths=None, packages_up_to=None, packages_up_to_regex=None, packages_above=None, packages_above_and_dependencies=None, packages_above_depth=None, packages_select_by_dep=None, packages_skip_by_dep=None, packages_skip_up_to=None, packages_select_build_failed=False, packages_skip_build_finished=False, packages_select_test_failures=False, packages_skip_test_passed=False, packages_select=None, packages_skip=None, packages_select_regex=None, packages_skip_regex=None, packages_start=None, packages_end=None, allow_overriding=[], cmake_args=None, cmake_target=None, cmake_target_skip_unavailable=False, cmake_clean_cache=False, cmake_clean_first=False, cmake_force_configure=False, ament_cmake_args=None, catkin_cmake_args=None, catkin_skip_building_tests=False, verb_parser=<colcon_defaults.argument_parser.defaults.DefaultArgumentsDecorator object at 0x7fda00b97c10>, verb_extension=<colcon_core.verb.build.BuildVerb object at 0x7fda00b97130>, main=<bound method BuildVerb.main of <colcon_core.verb.build.BuildVerb object at 0x7fda00b97130>>)
[0.791s] Level 1:colcon.colcon_core.package_discovery:discover_packages(colcon_meta) check parameters
[0.792s] Level 1:colcon.colcon_core.package_discovery:discover_packages(recursive) check parameters
[0.792s] Level 1:colcon.colcon_core.package_discovery:discover_packages(ignore) check parameters
[0.792s] Level 1:colcon.colcon_core.package_discovery:discover_packages(path) check parameters
[0.792s] Level 1:colcon.colcon_core.package_discovery:discover_packages(colcon_meta) discover
[0.792s] Level 1:colcon.colcon_core.package_discovery:discover_packages(recursive) discover
[0.792s] INFO:colcon.colcon_core.package_discovery:Crawling recursively for packages in '/home/himaj/ros2_ws'
[0.792s] Level 1:colcon.colcon_core.package_identification:_identify(.) by extensions ['ignore', 'ignore_ament_install']
[0.792s] Level 1:colcon.colcon_core.package_identification:_identify(.) by extension 'ignore'
[0.792s] Level 1:colcon.colcon_core.package_identification:_identify(.) by extension 'ignore_ament_install'
[0.792s] Level 1:colcon.colcon_core.package_identification:_identify(.) by extensions ['colcon_pkg']
[0.792s] Level 1:colcon.colcon_core.package_identification:_identify(.) by extension 'colcon_pkg'
[0.792s] Level 1:colcon.colcon_core.package_identification:_identify(.) by extensions ['colcon_meta']
[0.792s] Level 1:colcon.colcon_core.package_identification:_identify(.) by extension 'colcon_meta'
[0.792s] Level 1:colcon.colcon_core.package_identification:_identify(.) by extensions ['ros']
[0.792s] Level 1:colcon.colcon_core.package_identification:_identify(.) by extension 'ros'
[0.800s] Level 1:colcon.colcon_core.package_identification:_identify(.) by extensions ['cmake', 'python']
[0.800s] Level 1:colcon.colcon_core.package_identification:_identify(.) by extension 'cmake'
[0.800s] Level 1:colcon.colcon_core.package_identification:_identify(.) by extension 'python'
[0.800s] Level 1:colcon.colcon_core.package_identification:_identify(.) by extensions ['python_setup_py']
[0.800s] Level 1:colcon.colcon_core.package_identification:_identify(.) by extension 'python_setup_py'
[0.800s] Level 1:colcon.colcon_core.package_identification:_identify(build) by extensions ['ignore', 'ignore_ament_install']
[0.800s] Level 1:colcon.colcon_core.package_identification:_identify(build) by extension 'ignore'
[0.800s] Level 1:colcon.colcon_core.package_identification:_identify(build) ignored
[0.801s] Level 1:colcon.colcon_core.package_identification:_identify(install) by extensions ['ignore', 'ignore_ament_install']
[0.801s] Level 1:colcon.colcon_core.package_identification:_identify(install) by extension 'ignore'
[0.801s] Level 1:colcon.colcon_core.package_identification:_identify(install) ignored
[0.801s] Level 1:colcon.colcon_core.package_identification:_identify(log) by extensions ['ignore', 'ignore_ament_install']
[0.801s] Level 1:colcon.colcon_core.package_identification:_identify(log) by extension 'ignore'
[0.801s] Level 1:colcon.colcon_core.package_identification:_identify(log) ignored
[0.801s] Level 1:colcon.colcon_core.package_identification:_identify(src) by extensions ['ignore', 'ignore_ament_install']
[0.801s] Level 1:colcon.colcon_core.package_identification:_identify(src) by extension 'ignore'
[0.801s] Level 1:colcon.colcon_core.package_identification:_identify(src) by extension 'ignore_ament_install'
[0.801s] Level 1:colcon.colcon_core.package_identification:_identify(src) by extensions ['colcon_pkg']
[0.801s] Level 1:colcon.colcon_core.package_identification:_identify(src) by extension 'colcon_pkg'
[0.801s] Level 1:colcon.colcon_core.package_identification:_identify(src) by extensions ['colcon_meta']
[0.801s] Level 1:colcon.colcon_core.package_identification:_identify(src) by extension 'colcon_meta'
[0.801s] Level 1:colcon.colcon_core.package_identification:_identify(src) by extensions ['ros']
[0.801s] Level 1:colcon.colcon_core.package_identification:_identify(src) by extension 'ros'
[0.801s] Level 1:colcon.colcon_core.package_identification:_identify(src) by extensions ['cmake', 'python']
[0.801s] Level 1:colcon.colcon_core.package_identification:_identify(src) by extension 'cmake'
[0.801s] Level 1:colcon.colcon_core.package_identification:_identify(src) by extension 'python'
[0.801s] Level 1:colcon.colcon_core.package_identification:_identify(src) by extensions ['python_setup_py']
[0.801s] Level 1:colcon.colcon_core.package_identification:_identify(src) by extension 'python_setup_py'
[0.801s] Level 1:colcon.colcon_core.package_identification:_identify(src/my_robot_bringup) by extensions ['ignore', 'ignore_ament_install']
[0.801s] Level 1:colcon.colcon_core.package_identification:_identify(src/my_robot_bringup) by extension 'ignore'
[0.802s] Level 1:colcon.colcon_core.package_identification:_identify(src/my_robot_bringup) by extension 'ignore_ament_install'
[0.802s] Level 1:colcon.colcon_core.package_identification:_identify(src/my_robot_bringup) by extensions ['colcon_pkg']
[0.802s] Level 1:colcon.colcon_core.package_identification:_identify(src/my_robot_bringup) by extension 'colcon_pkg'
[0.802s] Level 1:colcon.colcon_core.package_identification:_identify(src/my_robot_bringup) by extensions ['colcon_meta']
[0.802s] Level 1:colcon.colcon_core.package_identification:_identify(src/my_robot_bringup) by extension 'colcon_meta'
[0.802s] Level 1:colcon.colcon_core.package_identification:_identify(src/my_robot_bringup) by extensions ['ros']
[0.802s] Level 1:colcon.colcon_core.package_identification:_identify(src/my_robot_bringup) by extension 'ros'
[0.803s] DEBUG:colcon.colcon_core.package_identification:Package 'src/my_robot_bringup' with type 'ros.ament_cmake' and name 'my_robot_bringup'
[0.803s] Level 1:colcon.colcon_core.package_identification:_identify(src/my_robot_description) by extensions ['ignore', 'ignore_ament_install']
[0.803s] Level 1:colcon.colcon_core.package_identification:_identify(src/my_robot_description) by extension 'ignore'
[0.804s] Level 1:colcon.colcon_core.package_identification:_identify(src/my_robot_description) by extension 'ignore_ament_install'
[0.804s] Level 1:colcon.colcon_core.package_identification:_identify(src/my_robot_description) by extensions ['colcon_pkg']
[0.804s] Level 1:colcon.colcon_core.package_identification:_identify(src/my_robot_description) by extension 'colcon_pkg'
[0.804s] Level 1:colcon.colcon_core.package_identification:_identify(src/my_robot_description) by extensions ['colcon_meta']
[0.804s] Level 1:colcon.colcon_core.package_identification:_identify(src/my_robot_description) by extension 'colcon_meta'
[0.804s] Level 1:colcon.colcon_core.package_identification:_identify(src/my_robot_description) by extensions ['ros']
[0.804s] Level 1:colcon.colcon_core.package_identification:_identify(src/my_robot_description) by extension 'ros'
[0.804s] DEBUG:colcon.colcon_core.package_identification:Package 'src/my_robot_description' with type 'ros.ament_cmake' and name 'my_robot_description'
[0.804s] Level 1:colcon.colcon_core.package_discovery:discover_packages(recursive) using defaults
[0.804s] Level 1:colcon.colcon_core.package_discovery:discover_packages(ignore) discover
[0.804s] Level 1:colcon.colcon_core.package_discovery:discover_packages(ignore) using defaults
[0.804s] Level 1:colcon.colcon_core.package_discovery:discover_packages(path) discover
[0.804s] Level 1:colcon.colcon_core.package_discovery:discover_packages(path) using defaults
[0.874s] Level 1:colcon.colcon_core.package_discovery:discover_packages(prefix_path) check parameters
[0.874s] Level 1:colcon.colcon_core.package_discovery:discover_packages(prefix_path) discover
[0.897s] DEBUG:colcon.colcon_installed_package_information.package_discovery:Found 2 installed packages in /home/himaj/ros2_ws/install
[0.909s] DEBUG:colcon.colcon_installed_package_information.package_discovery:Found 282 installed packages in /opt/ros/humble
[0.910s] Level 1:colcon.colcon_core.package_discovery:discover_packages(prefix_path) using defaults
[0.987s] Level 5:colcon.colcon_core.verb:set package 'my_robot_description' build argument 'cmake_args' from command line to 'None'
[0.987s] Level 5:colcon.colcon_core.verb:set package 'my_robot_description' build argument 'cmake_target' from command line to 'None'
[0.987s] Level 5:colcon.colcon_core.verb:set package 'my_robot_description' build argument 'cmake_target_skip_unavailable' from command line to 'False'
[0.987s] Level 5:colcon.colcon_core.verb:set package 'my_robot_description' build argument 'cmake_clean_cache' from command line to 'False'
[0.987s] Level 5:colcon.colcon_core.verb:set package 'my_robot_description' build argument 'cmake_clean_first' from command line to 'False'
[0.987s] Level 5:colcon.colcon_core.verb:set package 'my_robot_description' build argument 'cmake_force_configure' from command line to 'False'
[0.987s] Level 5:colcon.colcon_core.verb:set package 'my_robot_description' build argument 'ament_cmake_args' from command line to 'None'
[0.987s] Level 5:colcon.colcon_core.verb:set package 'my_robot_description' build argument 'catkin_cmake_args' from command line to 'None'
[0.987s] Level 5:colcon.colcon_core.verb:set package 'my_robot_description' build argument 'catkin_skip_building_tests' from command line to 'False'
[0.987s] DEBUG:colcon.colcon_core.verb:Building package 'my_robot_description' with the following arguments: {'ament_cmake_args': None, 'build_base': '/home/himaj/ros2_ws/build/my_robot_description', 'catkin_cmake_args': None, 'catkin_skip_building_tests': False, 'cmake_args': None, 'cmake_clean_cache': False, 'cmake_clean_first': False, 'cmake_force_configure': False, 'cmake_target': None, 'cmake_target_skip_unavailable': False, 'install_base': '/home/himaj/ros2_ws/install/my_robot_description', 'merge_install': False, 'path': '/home/himaj/ros2_ws/src/my_robot_description', 'symlink_install': True, 'test_result_base': None}
[0.999s] Level 5:colcon.colcon_core.verb:set package 'my_robot_bringup' build argument 'cmake_args' from command line to 'None'
[0.999s] Level 5:colcon.colcon_core.verb:set package 'my_robot_bringup' build argument 'cmake_target' from command line to 'None'
[0.999s] Level 5:colcon.colcon_core.verb:set package 'my_robot_bringup' build argument 'cmake_target_skip_unavailable' from command line to 'False'
[0.999s] Level 5:colcon.colcon_core.verb:set package 'my_robot_bringup' build argument 'cmake_clean_cache' from command line to 'False'
[0.999s] Level 5:colcon.colcon_core.verb:set package 'my_robot_bringup' build argument 'cmake_clean_first' from command line to 'False'
[0.999s] Level 5:colcon.colcon_core.verb:set package 'my_robot_bringup' build argument 'cmake_force_configure' from command line to 'False'
[0.999s] Level 5:colcon.colcon_core.verb:set package 'my_robot_bringup' build argument 'ament_cmake_args' from command line to 'None'
[0.999s] Level 5:colcon.colcon_core.verb:set package 'my_robot_bringup' build argument 'catkin_cmake_args' from command line to 'None'
[0.999s] Level 5:colcon.colcon_core.verb:set package 'my_robot_bringup' build argument 'catkin_skip_building_tests' from command line to 'False'
[0.999s] DEBUG:colcon.colcon_core.verb:Building package 'my_robot_bringup' with the following arguments: {'ament_cmake_args': None, 'build_base': '/home/himaj/ros2_ws/build/my_robot_bringup', 'catkin_cmake_args': None, 'catkin_skip_building_tests': False, 'cmake_args': None, 'cmake_clean_cache': False, 'cmake_clean_first': False, 'cmake_force_configure': False, 'cmake_target': None, 'cmake_target_skip_unavailable': False, 'install_base': '/home/himaj/ros2_ws/install/my_robot_bringup', 'merge_install': False, 'path': '/home/himaj/ros2_ws/src/my_robot_bringup', 'symlink_install': True, 'test_result_base': None}
[1.010s] INFO:colcon.colcon_core.executor:Executing jobs using 'parallel' executor
[1.022s] DEBUG:colcon.colcon_parallel_executor.executor.parallel:run_until_complete
[1.022s] INFO:colcon.colcon_ros.task.ament_cmake.build:Building ROS package in '/home/himaj/ros2_ws/src/my_robot_description' with build type 'ament_cmake'
[1.022s] INFO:colcon.colcon_cmake.task.cmake.build:Building CMake package in '/home/himaj/ros2_ws/src/my_robot_description'
[1.034s] INFO:colcon.colcon_core.plugin_system:Skipping extension 'colcon_core.shell.bat': Not used on non-Windows systems
[1.034s] INFO:colcon.colcon_core.shell:Skip shell extension 'powershell' for command environment: Not usable outside of PowerShell
[1.035s] DEBUG:colcon.colcon_core.shell:Skip shell extension 'dsv' for command environment
[1.076s] DEBUG:colcon.colcon_core.event_handler.log_command:Invoking command in '/home/himaj/ros2_ws/build/my_robot_description': CMAKE_PREFIX_PATH=${CMAKE_PREFIX_PATH}:/opt/ros/humble /usr/bin/cmake --build /home/himaj/ros2_ws/build/my_robot_description -- -j12 -l12
[1.112s] DEBUG:colcon.colcon_core.event_handler.log_command:Invoked command in '/home/himaj/ros2_ws/build/my_robot_description' returned '0': CMAKE_PREFIX_PATH=${CMAKE_PREFIX_PATH}:/opt/ros/humble /usr/bin/cmake --build /home/himaj/ros2_ws/build/my_robot_description -- -j12 -l12
[1.146s] DEBUG:colcon.colcon_core.event_handler.log_command:Invoking command in '/home/himaj/ros2_ws/build/my_robot_description': CMAKE_PREFIX_PATH=${CMAKE_PREFIX_PATH}:/opt/ros/humble /usr/bin/cmake --install /home/himaj/ros2_ws/build/my_robot_description
[1.176s] Level 1:colcon.colcon_core.environment:create_environment_scripts_only(my_robot_description)
[1.177s] DEBUG:colcon.colcon_core.event_handler.log_command:Invoked command in '/home/himaj/ros2_ws/build/my_robot_description' returned '0': CMAKE_PREFIX_PATH=${CMAKE_PREFIX_PATH}:/opt/ros/humble /usr/bin/cmake --install /home/himaj/ros2_ws/build/my_robot_description
[1.190s] Level 1:colcon.colcon_core.environment:checking '/home/himaj/ros2_ws/install/my_robot_description' for CMake module files
[1.190s] Level 1:colcon.colcon_core.environment:checking '/home/himaj/ros2_ws/install/my_robot_description' for CMake config files
[1.191s] Level 1:colcon.colcon_core.shell:create_environment_hook('my_robot_description', 'cmake_prefix_path')
[1.202s] INFO:colcon.colcon_core.shell:Creating environment hook '/home/himaj/ros2_ws/install/my_robot_description/share/my_robot_description/hook/cmake_prefix_path.ps1'
[1.202s] INFO:colcon.colcon_core.shell:Creating environment descriptor '/home/himaj/ros2_ws/install/my_robot_description/share/my_robot_description/hook/cmake_prefix_path.dsv'
[1.202s] INFO:colcon.colcon_core.shell:Creating environment hook '/home/himaj/ros2_ws/install/my_robot_description/share/my_robot_description/hook/cmake_prefix_path.sh'
[1.203s] Level 1:colcon.colcon_core.environment:checking '/home/himaj/ros2_ws/install/my_robot_description/bin'
[1.203s] Level 1:colcon.colcon_core.environment:checking '/home/himaj/ros2_ws/install/my_robot_description/lib/pkgconfig/my_robot_description.pc'
[1.203s] Level 1:colcon.colcon_core.environment:checking '/home/himaj/ros2_ws/install/my_robot_description/lib/python3.10/site-packages'
[1.203s] Level 1:colcon.colcon_core.environment:checking '/home/himaj/ros2_ws/install/my_robot_description/bin'
[1.215s] INFO:colcon.colcon_core.shell:Creating package script '/home/himaj/ros2_ws/install/my_robot_description/share/my_robot_description/package.ps1'
[1.215s] INFO:colcon.colcon_core.shell:Creating package descriptor '/home/himaj/ros2_ws/install/my_robot_description/share/my_robot_description/package.dsv'
[1.216s] INFO:colcon.colcon_core.shell:Creating package script '/home/himaj/ros2_ws/install/my_robot_description/share/my_robot_description/package.sh'
[1.216s] INFO:colcon.colcon_core.shell:Creating package script '/home/himaj/ros2_ws/install/my_robot_description/share/my_robot_description/package.bash'
[1.217s] INFO:colcon.colcon_core.shell:Creating package script '/home/himaj/ros2_ws/install/my_robot_description/share/my_robot_description/package.zsh'
[1.217s] Level 1:colcon.colcon_core.environment:create_file_with_runtime_dependencies(/home/himaj/ros2_ws/install/my_robot_description/share/colcon-core/packages/my_robot_description)
[1.252s] Level 1:colcon.colcon_core.environment:create_environment_scripts_only(my_robot_description)
[1.263s] Level 1:colcon.colcon_core.environment:checking '/home/himaj/ros2_ws/install/my_robot_description' for CMake module files
[1.264s] Level 1:colcon.colcon_core.environment:checking '/home/himaj/ros2_ws/install/my_robot_description' for CMake config files
[1.264s] Level 1:colcon.colcon_core.shell:create_environment_hook('my_robot_description', 'cmake_prefix_path')
[1.275s] INFO:colcon.colcon_core.shell:Creating environment hook '/home/himaj/ros2_ws/install/my_robot_description/share/my_robot_description/hook/cmake_prefix_path.ps1'
[1.275s] INFO:colcon.colcon_core.shell:Creating environment descriptor '/home/himaj/ros2_ws/install/my_robot_description/share/my_robot_description/hook/cmake_prefix_path.dsv'
[1.276s] INFO:colcon.colcon_core.shell:Creating environment hook '/home/himaj/ros2_ws/install/my_robot_description/share/my_robot_description/hook/cmake_prefix_path.sh'
[1.276s] Level 1:colcon.colcon_core.environment:checking '/home/himaj/ros2_ws/install/my_robot_description/bin'
[1.276s] Level 1:colcon.colcon_core.environment:checking '/home/himaj/ros2_ws/install/my_robot_description/lib/pkgconfig/my_robot_description.pc'
[1.276s] Level 1:colcon.colcon_core.environment:checking '/home/himaj/ros2_ws/install/my_robot_description/lib/python3.10/site-packages'
[1.276s] Level 1:colcon.colcon_core.environment:checking '/home/himaj/ros2_ws/install/my_robot_description/bin'
[1.288s] INFO:colcon.colcon_core.shell:Creating package script '/home/himaj/ros2_ws/install/my_robot_description/share/my_robot_description/package.ps1'
[1.288s] INFO:colcon.colcon_core.shell:Creating package descriptor '/home/himaj/ros2_ws/install/my_robot_description/share/my_robot_description/package.dsv'
[1.288s] INFO:colcon.colcon_core.shell:Creating package script '/home/himaj/ros2_ws/install/my_robot_description/share/my_robot_description/package.sh'
[1.289s] INFO:colcon.colcon_core.shell:Creating package script '/home/himaj/ros2_ws/install/my_robot_description/share/my_robot_description/package.bash'
[1.289s] INFO:colcon.colcon_core.shell:Creating package script '/home/himaj/ros2_ws/install/my_robot_description/share/my_robot_description/package.zsh'
[1.289s] Level 1:colcon.colcon_core.environment:create_file_with_runtime_dependencies(/home/himaj/ros2_ws/install/my_robot_description/share/colcon-core/packages/my_robot_description)
[1.289s] INFO:colcon.colcon_ros.task.ament_cmake.build:Building ROS package in '/home/himaj/ros2_ws/src/my_robot_bringup' with build type 'ament_cmake'
[1.289s] INFO:colcon.colcon_cmake.task.cmake.build:Building CMake package in '/home/himaj/ros2_ws/src/my_robot_bringup'
[1.301s] INFO:colcon.colcon_core.shell:Skip shell extension 'powershell' for command environment: Not usable outside of PowerShell
[1.301s] DEBUG:colcon.colcon_core.shell:Skip shell extension 'dsv' for command environment
[1.344s] DEBUG:colcon.colcon_core.event_handler.log_command:Invoking command in '/home/himaj/ros2_ws/build/my_robot_bringup': CMAKE_PREFIX_PATH=/home/himaj/ros2_ws/install/my_robot_description:/home/himaj/ros2_ws/install/my_robot_bringup:/opt/ros/humble /usr/bin/cmake --build /home/himaj/ros2_ws/build/my_robot_bringup -- -j12 -l12
[1.381s] DEBUG:colcon.colcon_core.event_handler.log_command:Invoked command in '/home/himaj/ros2_ws/build/my_robot_bringup' returned '0': CMAKE_PREFIX_PATH=/home/himaj/ros2_ws/install/my_robot_description:/home/himaj/ros2_ws/install/my_robot_bringup:/opt/ros/humble /usr/bin/cmake --build /home/himaj/ros2_ws/build/my_robot_bringup -- -j12 -l12
[1.404s] DEBUG:colcon.colcon_core.event_handler.log_command:Invoking command in '/home/himaj/ros2_ws/build/my_robot_bringup': CMAKE_PREFIX_PATH=/home/himaj/ros2_ws/install/my_robot_description:/home/himaj/ros2_ws/install/my_robot_bringup:/opt/ros/humble /usr/bin/cmake --install /home/himaj/ros2_ws/build/my_robot_bringup
[1.424s] Level 1:colcon.colcon_core.environment:create_environment_scripts_only(my_robot_bringup)
[1.424s] DEBUG:colcon.colcon_core.event_handler.log_command:Invoked command in '/home/himaj/ros2_ws/build/my_robot_bringup' returned '0': CMAKE_PREFIX_PATH=/home/himaj/ros2_ws/install/my_robot_description:/home/himaj/ros2_ws/install/my_robot_bringup:/opt/ros/humble /usr/bin/cmake --install /home/himaj/ros2_ws/build/my_robot_bringup
[1.436s] Level 1:colcon.colcon_core.environment:checking '/home/himaj/ros2_ws/install/my_robot_bringup' for CMake module files
[1.436s] Level 1:colcon.colcon_core.environment:checking '/home/himaj/ros2_ws/install/my_robot_bringup' for CMake config files
[1.436s] Level 1:colcon.colcon_core.shell:create_environment_hook('my_robot_bringup', 'cmake_prefix_path')
[1.447s] INFO:colcon.colcon_core.shell:Creating environment hook '/home/himaj/ros2_ws/install/my_robot_bringup/share/my_robot_bringup/hook/cmake_prefix_path.ps1'
[1.447s] INFO:colcon.colcon_core.shell:Creating environment descriptor '/home/himaj/ros2_ws/install/my_robot_bringup/share/my_robot_bringup/hook/cmake_prefix_path.dsv'
[1.448s] INFO:colcon.colcon_core.shell:Creating environment hook '/home/himaj/ros2_ws/install/my_robot_bringup/share/my_robot_bringup/hook/cmake_prefix_path.sh'
[1.448s] Level 1:colcon.colcon_core.environment:checking '/home/himaj/ros2_ws/install/my_robot_bringup/bin'
[1.448s] Level 1:colcon.colcon_core.environment:checking '/home/himaj/ros2_ws/install/my_robot_bringup/lib/pkgconfig/my_robot_bringup.pc'
[1.448s] Level 1:colcon.colcon_core.environment:checking '/home/himaj/ros2_ws/install/my_robot_bringup/lib/python3.10/site-packages'
[1.448s] Level 1:colcon.colcon_core.environment:checking '/home/himaj/ros2_ws/install/my_robot_bringup/bin'
[1.460s] INFO:colcon.colcon_core.shell:Creating package script '/home/himaj/ros2_ws/install/my_robot_bringup/share/my_robot_bringup/package.ps1'
[1.461s] INFO:colcon.colcon_core.shell:Creating package descriptor '/home/himaj/ros2_ws/install/my_robot_bringup/share/my_robot_bringup/package.dsv'
[1.461s] INFO:colcon.colcon_core.shell:Creating package script '/home/himaj/ros2_ws/install/my_robot_bringup/share/my_robot_bringup/package.sh'
[1.461s] INFO:colcon.colcon_core.shell:Creating package script '/home/himaj/ros2_ws/install/my_robot_bringup/share/my_robot_bringup/package.bash'
[1.461s] INFO:colcon.colcon_core.shell:Creating package script '/home/himaj/ros2_ws/install/my_robot_bringup/share/my_robot_bringup/package.zsh'
[1.462s] Level 1:colcon.colcon_core.environment:create_file_with_runtime_dependencies(/home/himaj/ros2_ws/install/my_robot_bringup/share/colcon-core/packages/my_robot_bringup)
[1.497s] Level 1:colcon.colcon_core.environment:create_environment_scripts_only(my_robot_bringup)
[1.507s] Level 1:colcon.colcon_core.environment:checking '/home/himaj/ros2_ws/install/my_robot_bringup' for CMake module files
[1.508s] Level 1:colcon.colcon_core.environment:checking '/home/himaj/ros2_ws/install/my_robot_bringup' for CMake config files
[1.508s] Level 1:colcon.colcon_core.shell:create_environment_hook('my_robot_bringup', 'cmake_prefix_path')
[1.519s] INFO:colcon.colcon_core.shell:Creating environment hook '/home/himaj/ros2_ws/install/my_robot_bringup/share/my_robot_bringup/hook/cmake_prefix_path.ps1'
[1.519s] INFO:colcon.colcon_core.shell:Creating environment descriptor '/home/himaj/ros2_ws/install/my_robot_bringup/share/my_robot_bringup/hook/cmake_prefix_path.dsv'
[1.520s] INFO:colcon.colcon_core.shell:Creating environment hook '/home/himaj/ros2_ws/install/my_robot_bringup/share/my_robot_bringup/hook/cmake_prefix_path.sh'
[1.520s] Level 1:colcon.colcon_core.environment:checking '/home/himaj/ros2_ws/install/my_robot_bringup/bin'
[1.520s] Level 1:colcon.colcon_core.environment:checking '/home/himaj/ros2_ws/install/my_robot_bringup/lib/pkgconfig/my_robot_bringup.pc'
[1.520s] Level 1:colcon.colcon_core.environment:checking '/home/himaj/ros2_ws/install/my_robot_bringup/lib/python3.10/site-packages'
[1.520s] Level 1:colcon.colcon_core.environment:checking '/home/himaj/ros2_ws/install/my_robot_bringup/bin'
[1.531s] INFO:colcon.colcon_core.shell:Creating package script '/home/himaj/ros2_ws/install/my_robot_bringup/share/my_robot_bringup/package.ps1'
[1.532s] INFO:colcon.colcon_core.shell:Creating package descriptor '/home/himaj/ros2_ws/install/my_robot_bringup/share/my_robot_bringup/package.dsv'
[1.532s] INFO:colcon.colcon_core.shell:Creating package script '/home/himaj/ros2_ws/install/my_robot_bringup/share/my_robot_bringup/package.sh'
[1.532s] INFO:colcon.colcon_core.shell:Creating package script '/home/himaj/ros2_ws/install/my_robot_bringup/share/my_robot_bringup/package.bash'
[1.533s] INFO:colcon.colcon_core.shell:Creating package script '/home/himaj/ros2_ws/install/my_robot_bringup/share/my_robot_bringup/package.zsh'
[1.533s] Level 1:colcon.colcon_core.environment:create_file_with_runtime_dependencies(/home/himaj/ros2_ws/install/my_robot_bringup/share/colcon-core/packages/my_robot_bringup)
[1.533s] DEBUG:colcon.colcon_parallel_executor.executor.parallel:closing loop
[1.533s] DEBUG:colcon.colcon_parallel_executor.executor.parallel:loop closed
[1.533s] DEBUG:colcon.colcon_parallel_executor.executor.parallel:run_until_complete finished with '0'
[1.533s] DEBUG:colcon.colcon_core.event_reactor:joining thread
[1.548s] INFO:colcon.colcon_core.plugin_system:Skipping extension 'colcon_notification.desktop_notification.terminal_notifier': Not used on non-Darwin systems
[1.548s] INFO:colcon.colcon_core.plugin_system:Skipping extension 'colcon_notification.desktop_notification.win32': Not used on non-Windows systems
[1.548s] INFO:colcon.colcon_notification.desktop_notification:Sending desktop notification using 'notify2'
[1.558s] DEBUG:colcon.colcon_core.event_reactor:joined thread
[1.570s] INFO:colcon.colcon_core.shell:Creating prefix script '/home/himaj/ros2_ws/install/local_setup.ps1'
[1.571s] INFO:colcon.colcon_core.shell:Creating prefix util module '/home/himaj/ros2_ws/install/_local_setup_util_ps1.py'
[1.572s] INFO:colcon.colcon_core.shell:Creating prefix chain script '/home/himaj/ros2_ws/install/setup.ps1'
[1.583s] INFO:colcon.colcon_core.shell:Creating prefix script '/home/himaj/ros2_ws/install/local_setup.sh'
[1.584s] INFO:colcon.colcon_core.shell:Creating prefix util module '/home/himaj/ros2_ws/install/_local_setup_util_sh.py'
[1.584s] INFO:colcon.colcon_core.shell:Creating prefix chain script '/home/himaj/ros2_ws/install/setup.sh'
[1.596s] INFO:colcon.colcon_core.shell:Creating prefix script '/home/himaj/ros2_ws/install/local_setup.bash'
[1.596s] INFO:colcon.colcon_core.shell:Creating prefix chain script '/home/himaj/ros2_ws/install/setup.bash'
[1.608s] INFO:colcon.colcon_core.shell:Creating prefix script '/home/himaj/ros2_ws/install/local_setup.zsh'
[1.608s] INFO:colcon.colcon_core.shell:Creating prefix chain script '/home/himaj/ros2_ws/install/setup.zsh'
