[0.052s] Invoking command in '/home/himaj/ros2_ws/build/my_robot_bringup': AMENT_PREFIX_PATH=/home/himaj/ros2_ws/install/my_py_pkg:/home/himaj/ros2_ws/install/my_robot_bringup:/home/himaj/ros2_ws/install/my_robot_description:/opt/ros/humble CMAKE_PREFIX_PATH=/home/himaj/ros2_ws/install/my_robot_description:/home/himaj/ros2_ws/install/my_robot_bringup:/home/himaj/ros2_ws/install/my_py_pkg:/opt/ros/humble /usr/bin/cmake /home/himaj/ros2_ws/src/my_robot_bringup -DAMENT_CMAKE_SYMLINK_INSTALL=1 -DCMAKE_INSTALL_PREFIX=/home/himaj/ros2_ws/install/my_robot_bringup
[0.063s] -- Found ament_cmake: 1.3.7 (/opt/ros/humble/share/ament_cmake/cmake)
[0.170s] -- Override CMake install command with custom implementation using symlinks instead of copying resources
[0.226s] -- Configuring done
[0.228s] -- Generating done
[0.229s] -- Build files have been written to: /home/himaj/ros2_ws/build/my_robot_bringup
[0.232s] Invoked command in '/home/himaj/ros2_ws/build/my_robot_bringup' returned '0': AMENT_PREFIX_PATH=/home/himaj/ros2_ws/install/my_py_pkg:/home/himaj/ros2_ws/install/my_robot_bringup:/home/himaj/ros2_ws/install/my_robot_description:/opt/ros/humble CMAKE_PREFIX_PATH=/home/himaj/ros2_ws/install/my_robot_description:/home/himaj/ros2_ws/install/my_robot_bringup:/home/himaj/ros2_ws/install/my_py_pkg:/opt/ros/humble /usr/bin/cmake /home/himaj/ros2_ws/src/my_robot_bringup -DAMENT_CMAKE_SYMLINK_INSTALL=1 -DCMAKE_INSTALL_PREFIX=/home/himaj/ros2_ws/install/my_robot_bringup
[0.233s] Invoking command in '/home/himaj/ros2_ws/build/my_robot_bringup': AMENT_PREFIX_PATH=/home/himaj/ros2_ws/install/my_py_pkg:/home/himaj/ros2_ws/install/my_robot_bringup:/home/himaj/ros2_ws/install/my_robot_description:/opt/ros/humble CMAKE_PREFIX_PATH=/home/himaj/ros2_ws/install/my_robot_description:/home/himaj/ros2_ws/install/my_robot_bringup:/home/himaj/ros2_ws/install/my_py_pkg:/opt/ros/humble /usr/bin/cmake --build /home/himaj/ros2_ws/build/my_robot_bringup -- -j12 -l12
[0.270s] Invoked command in '/home/himaj/ros2_ws/build/my_robot_bringup' returned '0': AMENT_PREFIX_PATH=/home/himaj/ros2_ws/install/my_py_pkg:/home/himaj/ros2_ws/install/my_robot_bringup:/home/himaj/ros2_ws/install/my_robot_description:/opt/ros/humble CMAKE_PREFIX_PATH=/home/himaj/ros2_ws/install/my_robot_description:/home/himaj/ros2_ws/install/my_robot_bringup:/home/himaj/ros2_ws/install/my_py_pkg:/opt/ros/humble /usr/bin/cmake --build /home/himaj/ros2_ws/build/my_robot_bringup -- -j12 -l12
[0.294s] Invoking command in '/home/himaj/ros2_ws/build/my_robot_bringup': AMENT_PREFIX_PATH=/home/himaj/ros2_ws/install/my_py_pkg:/home/himaj/ros2_ws/install/my_robot_bringup:/home/himaj/ros2_ws/install/my_robot_description:/opt/ros/humble CMAKE_PREFIX_PATH=/home/himaj/ros2_ws/install/my_robot_description:/home/himaj/ros2_ws/install/my_robot_bringup:/home/himaj/ros2_ws/install/my_py_pkg:/opt/ros/humble /usr/bin/cmake --install /home/himaj/ros2_ws/build/my_robot_bringup
[0.301s] -- Install configuration: ""
[0.302s] -- Execute custom install script
[0.302s] -- Up-to-date symlink: /home/himaj/ros2_ws/install/my_robot_bringup/share/my_robot_bringup//launch/my_robot_gazebo.launch.xml
[0.302s] -- Up-to-date symlink: /home/himaj/ros2_ws/install/my_robot_bringup/share/my_robot_bringup//rviz/urdf_config.rviz
[0.302s] -- Up-to-date symlink: /home/himaj/ros2_ws/install/my_robot_bringup/share/ament_index/resource_index/package_run_dependencies/my_robot_bringup
[0.302s] -- Up-to-date symlink: /home/himaj/ros2_ws/install/my_robot_bringup/share/ament_index/resource_index/parent_prefix_path/my_robot_bringup
[0.302s] -- Up-to-date symlink: /home/himaj/ros2_ws/install/my_robot_bringup/share/my_robot_bringup/environment/ament_prefix_path.sh
[0.303s] -- Up-to-date symlink: /home/himaj/ros2_ws/install/my_robot_bringup/share/my_robot_bringup/environment/ament_prefix_path.dsv
[0.303s] -- Up-to-date symlink: /home/himaj/ros2_ws/install/my_robot_bringup/share/my_robot_bringup/environment/path.sh
[0.303s] -- Up-to-date symlink: /home/himaj/ros2_ws/install/my_robot_bringup/share/my_robot_bringup/environment/path.dsv
[0.303s] -- Up-to-date symlink: /home/himaj/ros2_ws/install/my_robot_bringup/share/my_robot_bringup/local_setup.bash
[0.303s] -- Up-to-date symlink: /home/himaj/ros2_ws/install/my_robot_bringup/share/my_robot_bringup/local_setup.sh
[0.303s] -- Up-to-date symlink: /home/himaj/ros2_ws/install/my_robot_bringup/share/my_robot_bringup/local_setup.zsh
[0.303s] -- Up-to-date symlink: /home/himaj/ros2_ws/install/my_robot_bringup/share/my_robot_bringup/local_setup.dsv
[0.303s] -- Symlinking: /home/himaj/ros2_ws/install/my_robot_bringup/share/my_robot_bringup/package.dsv
[0.312s] -- Up-to-date symlink: /home/himaj/ros2_ws/install/my_robot_bringup/share/ament_index/resource_index/packages/my_robot_bringup
[0.312s] -- Up-to-date symlink: /home/himaj/ros2_ws/install/my_robot_bringup/share/my_robot_bringup/cmake/my_robot_bringupConfig.cmake
[0.312s] -- Up-to-date symlink: /home/himaj/ros2_ws/install/my_robot_bringup/share/my_robot_bringup/cmake/my_robot_bringupConfig-version.cmake
[0.312s] -- Up-to-date symlink: /home/himaj/ros2_ws/install/my_robot_bringup/share/my_robot_bringup/package.xml
[0.314s] Invoked command in '/home/himaj/ros2_ws/build/my_robot_bringup' returned '0': AMENT_PREFIX_PATH=/home/himaj/ros2_ws/install/my_py_pkg:/home/himaj/ros2_ws/install/my_robot_bringup:/home/himaj/ros2_ws/install/my_robot_description:/opt/ros/humble CMAKE_PREFIX_PATH=/home/himaj/ros2_ws/install/my_robot_description:/home/himaj/ros2_ws/install/my_robot_bringup:/home/himaj/ros2_ws/install/my_py_pkg:/opt/ros/humble /usr/bin/cmake --install /home/himaj/ros2_ws/build/my_robot_bringup
