[0.051s] Invoking command in '/home/himaj/ros2_ws/build/my_robot_bringup': CMAKE_PREFIX_PATH=/home/himaj/ros2_ws/install/my_robot_description:/home/himaj/ros2_ws/install/my_robot_bringup:/opt/ros/humble /usr/bin/cmake /home/himaj/ros2_ws/src/my_robot_bringup -DAMENT_CMAKE_SYMLINK_INSTALL=1 -DCMAKE_INSTALL_PREFIX=/home/himaj/ros2_ws/install/my_robot_bringup
[0.061s] -- Found ament_cmake: 1.3.7 (/opt/ros/humble/share/ament_cmake/cmake)
[0.166s] -- Override CMake install command with custom implementation using symlinks instead of copying resources
[0.220s] -- Configuring done
[0.223s] -- Generating done
[0.223s] -- Build files have been written to: /home/himaj/ros2_ws/build/my_robot_bringup
[0.226s] Invoked command in '/home/himaj/ros2_ws/build/my_robot_bringup' returned '0': CMAKE_PREFIX_PATH=/home/himaj/ros2_ws/install/my_robot_description:/home/himaj/ros2_ws/install/my_robot_bringup:/opt/ros/humble /usr/bin/cmake /home/himaj/ros2_ws/src/my_robot_bringup -DAMENT_CMAKE_SYMLINK_INSTALL=1 -DCMAKE_INSTALL_PREFIX=/home/himaj/ros2_ws/install/my_robot_bringup
[0.227s] Invoking command in '/home/himaj/ros2_ws/build/my_robot_bringup': CMAKE_PREFIX_PATH=/home/himaj/ros2_ws/install/my_robot_description:/home/himaj/ros2_ws/install/my_robot_bringup:/opt/ros/humble /usr/bin/cmake --build /home/himaj/ros2_ws/build/my_robot_bringup -- -j12 -l12
[0.264s] Invoked command in '/home/himaj/ros2_ws/build/my_robot_bringup' returned '0': CMAKE_PREFIX_PATH=/home/himaj/ros2_ws/install/my_robot_description:/home/himaj/ros2_ws/install/my_robot_bringup:/opt/ros/humble /usr/bin/cmake --build /home/himaj/ros2_ws/build/my_robot_bringup -- -j12 -l12
[0.287s] Invoking command in '/home/himaj/ros2_ws/build/my_robot_bringup': CMAKE_PREFIX_PATH=/home/himaj/ros2_ws/install/my_robot_description:/home/himaj/ros2_ws/install/my_robot_bringup:/opt/ros/humble /usr/bin/cmake --install /home/himaj/ros2_ws/build/my_robot_bringup
[0.295s] -- Install configuration: ""
[0.295s] -- Execute custom install script
[0.295s] -- Up-to-date symlink: /home/himaj/ros2_ws/install/my_robot_bringup/share/my_robot_bringup//launch/my_robot_gazebo.launch.xml
[0.295s] -- Up-to-date symlink: /home/himaj/ros2_ws/install/my_robot_bringup/share/my_robot_bringup//rviz/urdf_config.rviz
[0.296s] -- Up-to-date symlink: /home/himaj/ros2_ws/install/my_robot_bringup/share/ament_index/resource_index/package_run_dependencies/my_robot_bringup
[0.296s] -- Up-to-date symlink: /home/himaj/ros2_ws/install/my_robot_bringup/share/ament_index/resource_index/parent_prefix_path/my_robot_bringup
[0.296s] -- Up-to-date symlink: /home/himaj/ros2_ws/install/my_robot_bringup/share/my_robot_bringup/environment/ament_prefix_path.sh
[0.296s] -- Up-to-date symlink: /home/himaj/ros2_ws/install/my_robot_bringup/share/my_robot_bringup/environment/ament_prefix_path.dsv
[0.296s] -- Up-to-date symlink: /home/himaj/ros2_ws/install/my_robot_bringup/share/my_robot_bringup/environment/path.sh
[0.296s] -- Up-to-date symlink: /home/himaj/ros2_ws/install/my_robot_bringup/share/my_robot_bringup/environment/path.dsv
[0.296s] -- Up-to-date symlink: /home/himaj/ros2_ws/install/my_robot_bringup/share/my_robot_bringup/local_setup.bash
[0.296s] -- Up-to-date symlink: /home/himaj/ros2_ws/install/my_robot_bringup/share/my_robot_bringup/local_setup.sh
[0.296s] -- Up-to-date symlink: /home/himaj/ros2_ws/install/my_robot_bringup/share/my_robot_bringup/local_setup.zsh
[0.297s] -- Up-to-date symlink: /home/himaj/ros2_ws/install/my_robot_bringup/share/my_robot_bringup/local_setup.dsv
[0.297s] -- Symlinking: /home/himaj/ros2_ws/install/my_robot_bringup/share/my_robot_bringup/package.dsv
[0.306s] -- Up-to-date symlink: /home/himaj/ros2_ws/install/my_robot_bringup/share/ament_index/resource_index/packages/my_robot_bringup
[0.306s] -- Up-to-date symlink: /home/himaj/ros2_ws/install/my_robot_bringup/share/my_robot_bringup/cmake/my_robot_bringupConfig.cmake
[0.306s] -- Up-to-date symlink: /home/himaj/ros2_ws/install/my_robot_bringup/share/my_robot_bringup/cmake/my_robot_bringupConfig-version.cmake
[0.306s] -- Up-to-date symlink: /home/himaj/ros2_ws/install/my_robot_bringup/share/my_robot_bringup/package.xml
[0.308s] Invoked command in '/home/himaj/ros2_ws/build/my_robot_bringup' returned '0': CMAKE_PREFIX_PATH=/home/himaj/ros2_ws/install/my_robot_description:/home/himaj/ros2_ws/install/my_robot_bringup:/opt/ros/humble /usr/bin/cmake --install /home/himaj/ros2_ws/build/my_robot_bringup
