[0.051s] Invoking command in '/home/himaj/ros2_ws/build/my_robot_description': CMAKE_PREFIX_PATH=${CMAKE_PREFIX_PATH}:/opt/ros/humble /usr/bin/cmake /home/himaj/ros2_ws/src/my_robot_description -DCMAKE_INSTALL_PREFIX=/home/himaj/ros2_ws/install/my_robot_description
[0.061s] -- Found ament_cmake: 1.3.7 (/opt/ros/humble/share/ament_cmake/cmake)
[0.162s] -- Override CMake install command with custom implementation using symlinks instead of copying resources
[0.215s] -- Configuring done
[0.217s] -- Generating done
[0.218s] -- Build files have been written to: /home/himaj/ros2_ws/build/my_robot_description
[0.221s] Invoked command in '/home/himaj/ros2_ws/build/my_robot_description' returned '0': CMAKE_PREFIX_PATH=${CMAKE_PREFIX_PATH}:/opt/ros/humble /usr/bin/cmake /home/himaj/ros2_ws/src/my_robot_description -DCMAKE_INSTALL_PREFIX=/home/himaj/ros2_ws/install/my_robot_description
[0.222s] Invoking command in '/home/himaj/ros2_ws/build/my_robot_description': CMAKE_PREFIX_PATH=${CMAKE_PREFIX_PATH}:/opt/ros/humble /usr/bin/cmake --build /home/himaj/ros2_ws/build/my_robot_description -- -j12 -l12
[0.254s] Invoked command in '/home/himaj/ros2_ws/build/my_robot_description' returned '0': CMAKE_PREFIX_PATH=${CMAKE_PREFIX_PATH}:/opt/ros/humble /usr/bin/cmake --build /home/himaj/ros2_ws/build/my_robot_description -- -j12 -l12
[0.282s] Invoking command in '/home/himaj/ros2_ws/build/my_robot_description': CMAKE_PREFIX_PATH=${CMAKE_PREFIX_PATH}:/opt/ros/humble /usr/bin/cmake --install /home/himaj/ros2_ws/build/my_robot_description
[0.288s] -- Install configuration: ""
[0.288s] -- Execute custom install script
[0.288s] -- Up-to-date symlink: /home/himaj/ros2_ws/install/my_robot_description/share/my_robot_description//urdf/bot_base.xacro
[0.288s] -- Up-to-date symlink: /home/himaj/ros2_ws/install/my_robot_description/share/my_robot_description//urdf/bot_base_gazebo.xacro
[0.288s] -- Up-to-date symlink: /home/himaj/ros2_ws/install/my_robot_description/share/my_robot_description//urdf/common_properties.xacro
[0.288s] -- Up-to-date symlink: /home/himaj/ros2_ws/install/my_robot_description/share/my_robot_description//urdf/my_robot.urdf.xacro
[0.289s] -- Up-to-date symlink: /home/himaj/ros2_ws/install/my_robot_description/share/my_robot_description//launch/display.launch.py
[0.289s] -- Up-to-date symlink: /home/himaj/ros2_ws/install/my_robot_description/share/my_robot_description//launch/display.launch.xml
[0.289s] -- Up-to-date symlink: /home/himaj/ros2_ws/install/my_robot_description/share/my_robot_description//rviz/urdf_config.rviz
[0.289s] -- Up-to-date symlink: /home/himaj/ros2_ws/install/my_robot_description/share/ament_index/resource_index/package_run_dependencies/my_robot_description
[0.289s] -- Up-to-date symlink: /home/himaj/ros2_ws/install/my_robot_description/share/ament_index/resource_index/parent_prefix_path/my_robot_description
[0.289s] -- Up-to-date symlink: /home/himaj/ros2_ws/install/my_robot_description/share/my_robot_description/environment/ament_prefix_path.sh
[0.289s] -- Up-to-date symlink: /home/himaj/ros2_ws/install/my_robot_description/share/my_robot_description/environment/ament_prefix_path.dsv
[0.290s] -- Up-to-date symlink: /home/himaj/ros2_ws/install/my_robot_description/share/my_robot_description/environment/path.sh
[0.290s] -- Up-to-date symlink: /home/himaj/ros2_ws/install/my_robot_description/share/my_robot_description/environment/path.dsv
[0.290s] -- Up-to-date symlink: /home/himaj/ros2_ws/install/my_robot_description/share/my_robot_description/local_setup.bash
[0.290s] -- Up-to-date symlink: /home/himaj/ros2_ws/install/my_robot_description/share/my_robot_description/local_setup.sh
[0.290s] -- Up-to-date symlink: /home/himaj/ros2_ws/install/my_robot_description/share/my_robot_description/local_setup.zsh
[0.290s] -- Up-to-date symlink: /home/himaj/ros2_ws/install/my_robot_description/share/my_robot_description/local_setup.dsv
[0.290s] -- Symlinking: /home/himaj/ros2_ws/install/my_robot_description/share/my_robot_description/package.dsv
[0.298s] -- Up-to-date symlink: /home/himaj/ros2_ws/install/my_robot_description/share/ament_index/resource_index/packages/my_robot_description
[0.298s] -- Up-to-date symlink: /home/himaj/ros2_ws/install/my_robot_description/share/my_robot_description/cmake/my_robot_descriptionConfig.cmake
[0.298s] -- Up-to-date symlink: /home/himaj/ros2_ws/install/my_robot_description/share/my_robot_description/cmake/my_robot_descriptionConfig-version.cmake
[0.298s] -- Up-to-date symlink: /home/himaj/ros2_ws/install/my_robot_description/share/my_robot_description/package.xml
[0.300s] Invoked command in '/home/himaj/ros2_ws/build/my_robot_description' returned '0': CMAKE_PREFIX_PATH=${CMAKE_PREFIX_PATH}:/opt/ros/humble /usr/bin/cmake --install /home/himaj/ros2_ws/build/my_robot_description
