[0.052s] Invoking command in '/home/himaj/ros2_ws/build/my_robot_description': CMAKE_PREFIX_PATH=${CMAKE_PREFIX_PATH}:/opt/ros/humble /usr/bin/cmake /home/himaj/ros2_ws/src/my_robot_description -DAMENT_CMAKE_SYMLINK_INSTALL=1 -DCMAKE_INSTALL_PREFIX=/home/himaj/ros2_ws/install/my_robot_description
[0.063s] -- Found ament_cmake: 1.3.7 (/opt/ros/humble/share/ament_cmake/cmake)
[0.167s] -- Override CMake install command with custom implementation using symlinks instead of copying resources
[0.220s] -- Configuring done
[0.222s] -- Generating done
[0.223s] -- Build files have been written to: /home/himaj/ros2_ws/build/my_robot_description
[0.225s] Invoked command in '/home/himaj/ros2_ws/build/my_robot_description' returned '0': CMAKE_PREFIX_PATH=${CMAKE_PREFIX_PATH}:/opt/ros/humble /usr/bin/cmake /home/himaj/ros2_ws/src/my_robot_description -DAMENT_CMAKE_SYMLINK_INSTALL=1 -DCMAKE_INSTALL_PREFIX=/home/himaj/ros2_ws/install/my_robot_description
[0.227s] Invoking command in '/home/himaj/ros2_ws/build/my_robot_description': CMAKE_PREFIX_PATH=${CMAKE_PREFIX_PATH}:/opt/ros/humble /usr/bin/cmake --build /home/himaj/ros2_ws/build/my_robot_description -- -j12 -l12
[0.264s] Invoked command in '/home/himaj/ros2_ws/build/my_robot_description' returned '0': CMAKE_PREFIX_PATH=${CMAKE_PREFIX_PATH}:/opt/ros/humble /usr/bin/cmake --build /home/himaj/ros2_ws/build/my_robot_description -- -j12 -l12
[0.296s] Invoking command in '/home/himaj/ros2_ws/build/my_robot_description': CMAKE_PREFIX_PATH=${CMAKE_PREFIX_PATH}:/opt/ros/humble /usr/bin/cmake --install /home/himaj/ros2_ws/build/my_robot_description
[0.303s] -- Install configuration: ""
[0.303s] -- Execute custom install script
[0.303s] -- Up-to-date symlink: /home/himaj/ros2_ws/install/my_robot_description/share/my_robot_description//urdf/bot_base.xacro
[0.303s] -- Up-to-date symlink: /home/himaj/ros2_ws/install/my_robot_description/share/my_robot_description//urdf/bot_base_gazebo.xacro
[0.303s] -- Up-to-date symlink: /home/himaj/ros2_ws/install/my_robot_description/share/my_robot_description//urdf/common_properties.xacro
[0.304s] -- Up-to-date symlink: /home/himaj/ros2_ws/install/my_robot_description/share/my_robot_description//urdf/my_robot.urdf.xacro
[0.304s] -- Up-to-date symlink: /home/himaj/ros2_ws/install/my_robot_description/share/my_robot_description//launch/display.launch.py
[0.304s] -- Up-to-date symlink: /home/himaj/ros2_ws/install/my_robot_description/share/my_robot_description//launch/display.launch.xml
[0.304s] -- Up-to-date symlink: /home/himaj/ros2_ws/install/my_robot_description/share/my_robot_description//rviz/urdf_config.rviz
[0.304s] -- Up-to-date symlink: /home/himaj/ros2_ws/install/my_robot_description/share/ament_index/resource_index/package_run_dependencies/my_robot_description
[0.304s] -- Up-to-date symlink: /home/himaj/ros2_ws/install/my_robot_description/share/ament_index/resource_index/parent_prefix_path/my_robot_description
[0.304s] -- Up-to-date symlink: /home/himaj/ros2_ws/install/my_robot_description/share/my_robot_description/environment/ament_prefix_path.sh
[0.305s] -- Up-to-date symlink: /home/himaj/ros2_ws/install/my_robot_description/share/my_robot_description/environment/ament_prefix_path.dsv
[0.305s] -- Up-to-date symlink: /home/himaj/ros2_ws/install/my_robot_description/share/my_robot_description/environment/path.sh
[0.305s] -- Up-to-date symlink: /home/himaj/ros2_ws/install/my_robot_description/share/my_robot_description/environment/path.dsv
[0.305s] -- Up-to-date symlink: /home/himaj/ros2_ws/install/my_robot_description/share/my_robot_description/local_setup.bash
[0.305s] -- Up-to-date symlink: /home/himaj/ros2_ws/install/my_robot_description/share/my_robot_description/local_setup.sh
[0.305s] -- Up-to-date symlink: /home/himaj/ros2_ws/install/my_robot_description/share/my_robot_description/local_setup.zsh
[0.305s] -- Up-to-date symlink: /home/himaj/ros2_ws/install/my_robot_description/share/my_robot_description/local_setup.dsv
[0.305s] -- Symlinking: /home/himaj/ros2_ws/install/my_robot_description/share/my_robot_description/package.dsv
[0.314s] -- Up-to-date symlink: /home/himaj/ros2_ws/install/my_robot_description/share/ament_index/resource_index/packages/my_robot_description
[0.314s] -- Up-to-date symlink: /home/himaj/ros2_ws/install/my_robot_description/share/my_robot_description/cmake/my_robot_descriptionConfig.cmake
[0.314s] -- Up-to-date symlink: /home/himaj/ros2_ws/install/my_robot_description/share/my_robot_description/cmake/my_robot_descriptionConfig-version.cmake
[0.314s] -- Up-to-date symlink: /home/himaj/ros2_ws/install/my_robot_description/share/my_robot_description/package.xml
[0.316s] Invoked command in '/home/himaj/ros2_ws/build/my_robot_description' returned '0': CMAKE_PREFIX_PATH=${CMAKE_PREFIX_PATH}:/opt/ros/humble /usr/bin/cmake --install /home/himaj/ros2_ws/build/my_robot_description
